C51 COMPILER V7.50   REG_EC                                                                09/17/2020 21:06:54 PAGE 1   


C51 COMPILER V7.50, COMPILATION OF MODULE REG_EC
OBJECT MODULE PLACED IN Core\Reg_EC.OBJ
COMPILER INVOKED BY: C:\Keil\C51\BIN\c51.exe Core\Reg_EC.c LA WL(1) CD OT(9,SIZE) NOAREGS OR INCDIR(.\Core\Include\;.\Oe
                    -m\Include\)

line level    source

   1          
   2          #include "Core_Inc.h"
   3          #include "Oem_Inc.h"
   4          
   5          
   6          /********************************************************************************
   7          //For 873x
   8          *********************************************************************************/
   9          #define    SMFI_BASE_ADDR    0x1000
  10          ECReg   FBCFG            _at_    (SMFI_BASE_ADDR + 0x00);
  11          ECReg   FPCFG           _at_    (SMFI_BASE_ADDR + 0x01);
  12          ECReg   FMSSR           _at_    (SMFI_BASE_ADDR + 0x07);
  13          
  14          ECReg   CACHDISR        _at_   (SMFI_BASE_ADDR + 0x33);
  15          ECReg   UCCTRL          _at_    (SMFI_BASE_ADDR + 0x34);
  16          ECReg    HCTRL2         _at_    (SMFI_BASE_ADDR + 0x36);
  17          
  18          ECReg   ECINDAR0        _at_    (SMFI_BASE_ADDR + 0x3B);
  19          ECReg   ECINDAR1        _at_    (SMFI_BASE_ADDR + 0x3C);
  20          ECReg   ECINDAR2        _at_    (SMFI_BASE_ADDR + 0x3D);
  21          ECReg   ECINDAR3        _at_    (SMFI_BASE_ADDR + 0x3E);
  22          ECReg   ECINDDR         _at_    (SMFI_BASE_ADDR + 0x3F);
  23          ECReg   SCAR0L          _at_    (SMFI_BASE_ADDR + 0x40);
  24          ECReg   SCAR0M          _at_    (SMFI_BASE_ADDR + 0x41);
  25          ECReg   SCAR0H          _at_    (SMFI_BASE_ADDR + 0x42);
  26          ECReg   SCAR1L          _at_    (SMFI_BASE_ADDR + 0x43);
  27          ECReg   SCAR1M          _at_    (SMFI_BASE_ADDR + 0x44);
  28          ECReg   SCAR1H          _at_    (SMFI_BASE_ADDR + 0x45);
  29          ECReg   SCAR2L          _at_    (SMFI_BASE_ADDR + 0x46);
  30          ECReg   SCAR2M          _at_    (SMFI_BASE_ADDR + 0x47);
  31          ECReg   SCAR2H          _at_    (SMFI_BASE_ADDR + 0x48);
  32          ECReg   SCAR3L          _at_    (SMFI_BASE_ADDR + 0x49);
  33          ECReg   SCAR3M          _at_    (SMFI_BASE_ADDR + 0x4A);
  34          ECReg   SCAR3H          _at_    (SMFI_BASE_ADDR + 0x4B);
  35          ECReg   SCAR4L          _at_    (SMFI_BASE_ADDR + 0x4C);
  36          ECReg   SCAR4M          _at_    (SMFI_BASE_ADDR + 0x4D);
  37          ECReg   SCAR4H          _at_    (SMFI_BASE_ADDR + 0x4E);
  38          
  39          
  40          ECReg   HINSTC1         _at_    (SMFI_BASE_ADDR + 0x58);
  41          
  42          /******************************************************************************
  43          //Define
  44          //Description: Define INTC_BASE_ADDR
  45          //Footnote:
  46          ******************************************************************************/
  47          #define INTC_BASE_ADDR          0x1100
  48          ECReg ISR0               _at_    (INTC_BASE_ADDR + 0x00);
  49          ECReg ISR1               _at_    (INTC_BASE_ADDR + 0x01);
  50          ECReg ISR2               _at_    (INTC_BASE_ADDR + 0x02);
  51          ECReg ISR3               _at_    (INTC_BASE_ADDR + 0x03);
  52          ECReg IER0               _at_    (INTC_BASE_ADDR + 0x04);
  53          ECReg IER1                      _at_    (INTC_BASE_ADDR + 0x05);
  54          ECReg IER2               _at_    (INTC_BASE_ADDR + 0x06);
C51 COMPILER V7.50   REG_EC                                                                09/17/2020 21:06:54 PAGE 2   

  55          ECReg IER3               _at_    (INTC_BASE_ADDR + 0x07);
  56          ECReg IELMR0           _at_    (INTC_BASE_ADDR + 0x08);
  57          ECReg IELMR1             _at_    (INTC_BASE_ADDR + 0x09);
  58          ECReg IELMR2             _at_    (INTC_BASE_ADDR + 0x0A);
  59          ECReg IELMR3             _at_    (INTC_BASE_ADDR + 0x0B);
  60          ECReg IPOLR0             _at_    (INTC_BASE_ADDR + 0x0C);
  61          ECReg IPOLR1             _at_    (INTC_BASE_ADDR + 0x0D);
  62          ECReg IPOLR2             _at_    (INTC_BASE_ADDR + 0x0E);
  63          ECReg IPOLR3             _at_    (INTC_BASE_ADDR + 0x0F);
  64          ECReg IVECT              _at_    (INTC_BASE_ADDR + 0x10);
  65          ECReg INT0ST             _at_    (INTC_BASE_ADDR + 0x11);
  66          ECReg PFAILR             _at_    (INTC_BASE_ADDR + 0x12);
  67          ECReg ISR4               _at_    (INTC_BASE_ADDR + 0x14);       // 8513 Only
  68          ECReg IER4               _at_    (INTC_BASE_ADDR + 0x15);       // 8513 Only
  69          ECReg IELMR4             _at_    (INTC_BASE_ADDR + 0x16);       // 8513 Only
  70          ECReg IPOLR4             _at_    (INTC_BASE_ADDR + 0x17);       // 8513 Only
  71          ECReg ISR6               _at_    (INTC_BASE_ADDR + 0x1C);       
  72          ECReg IER6               _at_    (INTC_BASE_ADDR + 0x1D);       
  73          ECReg ISR8               _at_    (INTC_BASE_ADDR + 0x24);
  74          ECReg IER8               _at_    (INTC_BASE_ADDR + 0x25);
  75          
  76          
  77          ECReg ISR5               _at_    (INTC_BASE_ADDR + 0x18);       //
  78          ECReg IER5               _at_    (INTC_BASE_ADDR + 0x19);       //
  79          ECReg IELMR5             _at_    (INTC_BASE_ADDR + 0x1A);       // Not Adjustble
  80          ECReg IPOLR5             _at_    (INTC_BASE_ADDR + 0x1B);       // Not Adjustble
  81          
  82          ECReg ISR6               _at_    (INTC_BASE_ADDR + 0x1C);       //
  83          ECReg IER6               _at_    (INTC_BASE_ADDR + 0x1D);       //
  84          ECReg IELMR6             _at_    (INTC_BASE_ADDR + 0x1E);       //
  85          ECReg IPOLR6             _at_    (INTC_BASE_ADDR + 0x1F);       //
  86          
  87          ECReg ISR7               _at_    (INTC_BASE_ADDR + 0x20);       //
  88          ECReg IER7               _at_    (INTC_BASE_ADDR + 0x21);       //
  89          ECReg IELMR7             _at_    (INTC_BASE_ADDR + 0x22);       //
  90          ECReg IPOLR7             _at_    (INTC_BASE_ADDR + 0x23);       //
  91          
  92          ECReg IELMR8             _at_    (INTC_BASE_ADDR + 0x26);       //
  93          ECReg IPOLR8             _at_    (INTC_BASE_ADDR + 0x27);       //
  94          /******************************************************************************
  95          Define
  96          Description: Define PMC_BASE_ADDR
  97          Footnote:
  98          ******************************************************************************/
  99          #define PMC_BASE_ADDR           0x1500
 100          ECReg PM1STS              _at_    (PMC_BASE_ADDR + 0x00);
 101          ECReg PM1DO               _at_    (PMC_BASE_ADDR + 0x01);
 102          ECReg PM1DOSCI            _at_    (PMC_BASE_ADDR + 0x02);
 103          ECReg PM1DOSMI            _at_    (PMC_BASE_ADDR + 0x03);
 104          ECReg PM1DI               _at_    (PMC_BASE_ADDR + 0x04);
 105          ECReg PM1DISCI            _at_    (PMC_BASE_ADDR + 0x05);
 106          ECReg PM1CTL              _at_    (PMC_BASE_ADDR + 0x06);
 107          ECReg PM1IC               _at_    (PMC_BASE_ADDR + 0x07);
 108          ECReg PM1IE               _at_    (PMC_BASE_ADDR + 0x08);
 109          
 110          ECReg PM2STS              _at_    (PMC_BASE_ADDR + 0x10);
 111          ECReg PM2DO               _at_    (PMC_BASE_ADDR + 0x11);
 112          ECReg PM2DOSCI            _at_    (PMC_BASE_ADDR + 0x12);
 113          ECReg PM2DOSMI            _at_    (PMC_BASE_ADDR + 0x13);
 114          ECReg PM2DI               _at_    (PMC_BASE_ADDR + 0x14);
 115          ECReg PM2DISCI            _at_    (PMC_BASE_ADDR + 0x15);
 116          ECReg PM2CTL              _at_    (PMC_BASE_ADDR + 0x16);
C51 COMPILER V7.50   REG_EC                                                                09/17/2020 21:06:54 PAGE 3   

 117          ECReg PM2IC               _at_    (PMC_BASE_ADDR + 0x17);
 118          ECReg PM2IE               _at_    (PMC_BASE_ADDR + 0x18);
 119          
 120          ECReg MBXCTRL             _at_    (PMC_BASE_ADDR + 0x19);
 121          ECReg PMIRQR              _at_    (PMC_BASE_ADDR + 0x20);
 122          ECReg PMHICR              _at_    (PMC_BASE_ADDR + 0x21);
 123          
 124          /******************************************************************************
 125          Define
 126          Description: Define EC_PWM_BASE_ADDR
 127          Footnote:
 128          ******************************************************************************/
 129          #define EC_PWM_BASE_ADDR 0x1800
 130          
 131          ECReg CPRS                      _at_    (EC_PWM_BASE_ADDR + 0x00);
 132          ECReg DCR                       _at_    (EC_PWM_BASE_ADDR + 0x01);
 133          ECReg PWMCTL            _at_    (EC_PWM_BASE_ADDR + 0x02);
 134          
 135          
 136          
 137          
 138          
 139          /******************************************************************************
 140          Define
 141          Description: Define WUC_BASE_ADDR
 142          Footnote:
 143          ******************************************************************************/
 144          #define WUC_BASE_ADDR           0x1B00
 145          ECReg  WUEMR1           _at_    (WUC_BASE_ADDR + 0x00);         // Wake-up Edge Mode Reg 1
 146          ECReg  WUEMR2           _at_    (WUC_BASE_ADDR + 0x01);         // Wake-up Edge Mode Reg 2
 147          ECReg  WUEMR3           _at_    (WUC_BASE_ADDR + 0x02);         // Wake-up Edge Mode Reg 3
 148          ECReg  WUEMR4           _at_    (WUC_BASE_ADDR + 0x03);         // Wake-up Edge Mode Reg 4
 149          ECReg  WUEMR5           _at_    (WUC_BASE_ADDR + 0x0C);         // Wake-up Edge Mode Reg 5 (IT8750)
 150          ECReg  WUEMR6           _at_    (WUC_BASE_ADDR + 0x10);         // Wake-up Edge Mode Reg 6 (IT8516)
 151          
 152          ECReg  WUESR1           _at_    (WUC_BASE_ADDR + 0x04);         // Wake-up Edge Sense Reg 1
 153          ECReg  WUESR2           _at_    (WUC_BASE_ADDR + 0x05);         // Wake-up Edge Sense Reg 2
 154          ECReg  WUESR3           _at_    (WUC_BASE_ADDR + 0x06);         // Wake-up Edge Sense Reg 3
 155          ECReg  WUESR4           _at_    (WUC_BASE_ADDR + 0x07);         // Wake-up Edge Sense Reg 4
 156          ECReg  WUESR5           _at_    (WUC_BASE_ADDR + 0x0D);         // Wake-up Edge Sense Reg 5 (IT8750)
 157          ECReg  WUESR6           _at_    (WUC_BASE_ADDR + 0x11);         // Wake-up Edge Sense Reg 6 (IT8516)
 158          
 159          ECReg  WUENR1           _at_    (WUC_BASE_ADDR + 0x08);         // Wake-up Enable Reg 1
 160          ECReg  WUENR2           _at_    (WUC_BASE_ADDR + 0x09);         // Wake-up Enable Reg 2
 161          ECReg  WUENR3           _at_    (WUC_BASE_ADDR + 0x0A);         // Wake-up Enable Reg 3
 162          ECReg  WUENR4           _at_    (WUC_BASE_ADDR + 0x0B);         // Wake-up Enable Reg 4
 163          ECReg  WUENR5           _at_    (WUC_BASE_ADDR + 0x0E);         // Wake-up Enable Reg 5 (IT8750)
 164          ECReg  WUENR6           _at_    (WUC_BASE_ADDR + 0x12);         // Wake-up Enable Reg 6 (IT8516)
 165          
 166          /******************************************************************************
 167          Define
 168          Description: Define SMB_BASE_ADDR
 169          Footnote:
 170          ******************************************************************************/
 171          #define SMB_BASE_ADDR           0x1C00
 172          ECReg  HOSTA_A          _at_    (SMB_BASE_ADDR + 0x00);         // HOST Status
 173          ECReg  HOCTL_A          _at_    (SMB_BASE_ADDR + 0x01);         // HOST Control
 174          ECReg  HOCMD_A          _at_    (SMB_BASE_ADDR + 0x02);         // HOST Command
 175          ECReg  TRASLA_A         _at_    (SMB_BASE_ADDR + 0x03);         // Transmit Slave Address
 176          ECReg  D0REG_A          _at_    (SMB_BASE_ADDR + 0x04);         // HOST Data0
 177          ECReg  D1REG_A          _at_    (SMB_BASE_ADDR + 0x05);         // HOST Data1
 178          ECReg  HOBDB_A          _at_    (SMB_BASE_ADDR + 0x06);         // HOST Block Data Byte
C51 COMPILER V7.50   REG_EC                                                                09/17/2020 21:06:54 PAGE 4   

 179          ECReg  PECERC_A         _at_    (SMB_BASE_ADDR + 0x07);         // Packet Error Check
 180          ECReg  SMBPCTL_A        _at_    (SMB_BASE_ADDR + 0x0A);         // SMBUS Pin Control
 181          ECReg  HOCTL2_A         _at_    (SMB_BASE_ADDR + 0x10);         // HOST Control2
 182          ECReg  HOSTA_B          _at_    (SMB_BASE_ADDR + 0x11);         // HOST Status
 183          ECReg  HOCTL_B          _at_    (SMB_BASE_ADDR + 0x12);         // HOST Control
 184          ECReg  HOCMD_B          _at_    (SMB_BASE_ADDR + 0x13);         // HOST Command
 185          ECReg  TRASLA_B         _at_    (SMB_BASE_ADDR + 0x14);         // Transmit Slave Address
 186          ECReg  D0REG_B          _at_    (SMB_BASE_ADDR + 0x15);         // HOST Data0
 187          ECReg  D1REG_B          _at_    (SMB_BASE_ADDR + 0x16);         // HOST Data1
 188          ECReg  HOBDB_B          _at_    (SMB_BASE_ADDR + 0x17);         // HOST Block Data Byte
 189          ECReg  PECERC_B         _at_    (SMB_BASE_ADDR + 0x18);         // Packet Error Check
 190          ECReg  SMBPCTL_B        _at_    (SMB_BASE_ADDR + 0x1B);         // SMBUS Pin Control
 191          ECReg  HOCTL2_B         _at_    (SMB_BASE_ADDR + 0x21);         // HOST Control2
 192          ECReg  SMBUS_4P7USREG    _at_    (SMB_BASE_ADDR + 0x22);        // SMB TIMING SETUP1
 193          ECReg  SMBUS_4P0USREG    _at_    (SMB_BASE_ADDR + 0x23);        // SMB TIMING SETUP2
 194          ECReg  SMBUS_300NSREG    _at_    (SMB_BASE_ADDR + 0x24);        // SMB TIMING SETUP3
 195          ECReg  SMBUS_250NSREG    _at_    (SMB_BASE_ADDR + 0x25);        // SMB TIMING SETUP4
 196          ECReg  SMBUS_25MSREG     _at_    (SMB_BASE_ADDR + 0x26);        // SMB TIMING SETUP5
 197          ECReg  SMBUS_45P3USLREG  _at_    (SMB_BASE_ADDR + 0x27);        // SMB TIMING SETUP6
 198          ECReg  SMBUS_45P3USHREG  _at_    (SMB_BASE_ADDR + 0x28);                // SMB TIMING SETUP7
 199          ECReg  HOSTA_C          _at_    (SMB_BASE_ADDR + 0x29);         // HOST Status
 200          ECReg  HOCTL_C          _at_    (SMB_BASE_ADDR + 0x2A);         // HOST Control
 201          ECReg  HOCMD_C          _at_    (SMB_BASE_ADDR + 0x2B);         // HOST Command
 202          ECReg  TRASLA_C         _at_    (SMB_BASE_ADDR + 0x2C);         // Transmit Slave Address
 203          ECReg  D0REG_C          _at_    (SMB_BASE_ADDR + 0x2D);         // HOST Data0
 204          ECReg  D1REG_C          _at_    (SMB_BASE_ADDR + 0x2E);         // HOST Data1
 205          ECReg  HOBDB_C          _at_    (SMB_BASE_ADDR + 0x2F);         // HOST Block Data Byte
 206          ECReg  PECERC_C         _at_    (SMB_BASE_ADDR + 0x30);         // Packet Error Check
 207          ECReg  SMBPCTL_C        _at_    (SMB_BASE_ADDR + 0x31);         // SMBUS Pin Control
 208          ECReg  HOCTL2_C         _at_    (SMB_BASE_ADDR + 0x32);         // HOST Control2
 209          ECReg  SMBUS_4P7A4P0H    _at_    (SMB_BASE_ADDR + 0x33);        // SMB TIMING SETUP8
 210          
 211          /******************************************************************************
 212          Define
 213          Description: Define SWKBC_BASE_ADDR
 214          Footnote:
 215          ******************************************************************************/
 216          #define SWKBC_BASE_ADDR   0x1D00
 217          ECReg  KSOR          _at_ (SWKBC_BASE_ADDR + 0x00);
 218          ECReg  KSOCTRL    _at_ (SWKBC_BASE_ADDR + 0x01);
 219          ECReg  KSIR            _at_ (SWKBC_BASE_ADDR + 0x02);
 220          ECReg  KSICTRLR    _at_ (SWKBC_BASE_ADDR + 0x03);
 221          ECReg  SCCTRL       _at_ (SWKBC_BASE_ADDR + 0x04);
 222          ECReg  KBHICR       _at_ (SWKBC_BASE_ADDR + 0x07);
 223          ECReg  KBHISR       _at_ (SWKBC_BASE_ADDR + 0x08);
 224          ECReg  KBHIKDOR  _at_ (SWKBC_BASE_ADDR + 0x09);
 225          ECReg  KBHIDIR      _at_ (SWKBC_BASE_ADDR + 0x0A);
 226          
 227          /******************************************************************************
 228          Define
 229          Description: Define ECPM_BASE_ADDR
 230          Footnote:
 231          ******************************************************************************/
 232          #define ECPM_BASE_ADDR          0x1E00
 233          ECReg  EC_1E00                  _at_    (ECPM_BASE_ADDR + 0x00);        // Clock Frequency Select(8510,8511 only)
 234          ECReg  ECPM_CGCTRL1R    _at_    (ECPM_BASE_ADDR + 0x01);        // Clock Gating Control1
 235          ECReg  CGCTRL2R                 _at_    (ECPM_BASE_ADDR + 0x02);        // Clock Gating Control2
 236          ECReg  EC_1E03          _at_    (ECPM_BASE_ADDR + 0x03);        // PLL Control
 237          ECReg  AUTOCG           _at_    (ECPM_BASE_ADDR + 0x04);        // Auto Clock Gatting
 238          ECReg  CGCTRL3R                 _at_    (ECPM_BASE_ADDR + 0x05);        // Clock Gating Control3
 239          ECReg  EC_1E06          _at_    (ECPM_BASE_ADDR + 0x06);
 240          ECReg  PLLCSS           _at_    (ECPM_BASE_ADDR + 0x08);
C51 COMPILER V7.50   REG_EC                                                                09/17/2020 21:06:54 PAGE 5   

 241          
 242          /******************************************************************************
 243          Define
 244          Description: Define ETWD_BASE_ADDR
 245          Footnote:
 246          ******************************************************************************/
 247          #define ETWD_BASE_ADDR          0x1F00
 248          ECReg  ETWCFG           _at_    (ETWD_BASE_ADDR + 0x01);        // External Timer/WDT Configuration REG
 249          ECReg  ETPSR            _at_    (ETWD_BASE_ADDR + 0x02);        // External Timer Prescaler REG
 250          ECReg  ETCNTLHR         _at_    (ETWD_BASE_ADDR + 0x03);        // External Timer Counter High Byte
 251          ECReg  ETCNTLLR         _at_    (ETWD_BASE_ADDR + 0x04);        // External Timer Counter Low Byte
 252          ECReg  ETWCTRL          _at_    (ETWD_BASE_ADDR + 0x05);        // External Timer/WDT Control REG
 253          ECReg  EWDCNTLHR                _at_    (ETWD_BASE_ADDR + 0x09);        // External WDT Counter High Byte
 254          ECReg  EWDCNTLLR                _at_    (ETWD_BASE_ADDR + 0x06);        // External WDT Counter Low Byte
 255          ECReg  EWDKEYR          _at_    (ETWD_BASE_ADDR + 0x07);        // External WDT Key REG
 256          ECReg  RSTSCR           _at_    (ETWD_BASE_ADDR + 0x08);        // Reset Scratch REG
 257          
 258          
 259          /******************************************************************************
 260          Define
 261          Description: Define EC interface base address
 262          Footnote:
 263          ******************************************************************************/
 264          #define    GCTRL_BASE_ADDR    0x2000
 265          ECReg    ECHIPID1       _at_    (GCTRL_BASE_ADDR + 0x00);    // CHIP ID BYTE 1
 266          ECReg    ECHIPID2       _at_    (GCTRL_BASE_ADDR + 0x01);    // CHIP ID BYTE 2
 267          ECReg    ECHIPVER       _at_    (GCTRL_BASE_ADDR + 0x02);    // CHIP VERSION
 268          ECReg    RSTS           _at_    (GCTRL_BASE_ADDR + 0x06);    // RESET STATUS
 269          ECReg    RSTC1          _at_    (GCTRL_BASE_ADDR + 0x07);    // RESET CONTROL 1
 270          ECReg    RSTC2          _at_    (GCTRL_BASE_ADDR + 0x08);    // RESET CONTROL 2
 271          ECReg    RSTC3          _at_    (GCTRL_BASE_ADDR + 0x09);    // RESET CONTROL 3
 272          ECReg    WNCKR          _at_    (GCTRL_BASE_ADDR + 0x0B);    // WAIT NEXT CLOCK RISING
 273          ECReg    SPCTRL1        _at_    (GCTRL_BASE_ADDR + 0x0D);    // SPECIAL CONTROL 1
 274          ECReg    GENIRQ         _at_    (GCTRL_BASE_ADDR + 0x0F);    // GENERATE IRQ
 275          ECReg    RSTC4          _at_    (GCTRL_BASE_ADDR + 0x11);    // RESET CONTROL 4
 276          ECReg    SPCTRL2        _at_    (GCTRL_BASE_ADDR + 0x12);    // SPECIAL CONTROL 2
 277          ECReg    PI2ECH         _at_    (GCTRL_BASE_ADDR + 0x14);    // PORT I2EC HIGH-BYTE REGISTER
 278          ECReg    PI2ECL         _at_    (GCTRL_BASE_ADDR + 0x15);    // PORT I2EC LOW-BYTE REGISTER
 279          ECReg    SPCTRL3        _at_    (GCTRL_BASE_ADDR + 0x16);    // SPECIAL CONTROL 3
 280          
 281          /******************************************************************************
 282          Define
 283          Description: Define CIR_BASE_ADDR
 284          Footnote:
 285          ******************************************************************************/
 286          #define CIR_BASE_ADDR           0x2300
 287          ECReg   CIR_DR                          _at_    CIR_BASE_ADDR+0x00;
 288          ECReg   CIR_IER                         _at_    CIR_BASE_ADDR+0x01;     //bit: BR
 289          ECReg   CIR_RCR                         _at_    CIR_BASE_ADDR+0x02;
 290          ECReg   CIR_TCR1                        _at_    CIR_BASE_ADDR+0x03;
 291          ECReg   CIR_TCR2                        _at_    CIR_BASE_ADDR+0x04;
 292          ECReg   CIR_TSR                         _at_    CIR_BASE_ADDR+0x05;
 293          ECReg   CIR_RSR                 _at_    CIR_BASE_ADDR+0x06;
 294          //#define       CIR_BDLR        CIR_TSR                 //_at_  CIR_BASE_ADDR+0x05;     //BR = 1
 295          //#define       CIR_BDHR        CIR_RSR         //_at_  CIR_BASE_ADDR+0x06;     //BR = 1
 296          ECReg   CIR_IIR                         _at_    CIR_BASE_ADDR+0x07;     
 297          
 298          
 299          /******************************************************************************
 300          Define
 301          Description: Define SPI_BASE_ADDR
 302          Footnote:
C51 COMPILER V7.50   REG_EC                                                                09/17/2020 21:06:54 PAGE 6   

 303          ******************************************************************************/
 304          #define SPI_BASE_ADDR           0x2600
 305          ECReg SPI0_DATA_REG             _at_    (SPI_BASE_ADDR + 0x00); //
 306          ECReg SPI0_CTRL1_REG            _at_    (SPI_BASE_ADDR + 0x01); //
 307          ECReg SPI0_CTRL2_REG            _at_    (SPI_BASE_ADDR + 0x02); //
 308          ECReg SPI0_STATUS_REG           _at_    (SPI_BASE_ADDR + 0x03); //
 309          ECReg SPI0_CTRL3_REG            _at_    (SPI_BASE_ADDR + 0x04); //
 310          
 311          ECReg SPI1_DATA_REG             _at_    (SPI_BASE_ADDR + 0x10); //
 312          ECReg SPI1_CTRL1_REG            _at_    (SPI_BASE_ADDR + 0x11); //
 313          ECReg SPI1_CTRL2_REG            _at_    (SPI_BASE_ADDR + 0x12); //
 314          ECReg SPI1_STATUS_REG           _at_    (SPI_BASE_ADDR + 0x13); //
 315          ECReg SPI1_CTRL3_REG            _at_    (SPI_BASE_ADDR + 0x14); //
 316          
 317          /******************************************************************************
 318          Define
 319          Description: Define UART1_BASE_ADDR
 320          Footnote:
 321          ******************************************************************************/
 322          #define UART1_BASE_ADDR         0x2700
 323          ECReg   UART1_RBR_REG           _at_    (UART1_BASE_ADDR + 0x00);       //
 324          ECReg   UART1_IER_REG           _at_    (UART1_BASE_ADDR + 0x01);       //
 325          ECReg   UART1_IIR_REG           _at_    (UART1_BASE_ADDR + 0x02);       //
 326          ECReg   UART1_LCR_REG           _at_    (UART1_BASE_ADDR + 0x03);       //
 327          ECReg   UART1_MCR_REG           _at_    (UART1_BASE_ADDR + 0x04);       //
 328          ECReg   UART1_LSR_REG           _at_    (UART1_BASE_ADDR + 0x05);       //
 329          ECReg   UART1_MSR_REG           _at_    (UART1_BASE_ADDR + 0x06);       //
 330          ECReg   UART1_SCR_REG           _at_    (UART1_BASE_ADDR + 0x07);       //
 331          
 332          /******************************************************************************
 333          Define
 334          Description: Define UART2_BASE_ADDR
 335          Footnote:
 336          ******************************************************************************/
 337          #define UART2_BASE_ADDR         0x2800
 338          ECReg   UART2_RBR_REG           _at_    (UART2_BASE_ADDR + 0x00);       //
 339          ECReg   UART2_IER_REG           _at_    (UART2_BASE_ADDR + 0x01);       //
 340          ECReg   UART2_IIR_REG           _at_    (UART2_BASE_ADDR + 0x02);       //
 341          ECReg   UART2_LCR_REG           _at_    (UART2_BASE_ADDR + 0x03);       //
 342          ECReg   UART2_MCR_REG           _at_    (UART2_BASE_ADDR + 0x04);       //
 343          ECReg   UART2_LSR_REG           _at_    (UART2_BASE_ADDR + 0x05);       //
 344          ECReg   UART2_MSR_REG           _at_    (UART2_BASE_ADDR + 0x06);       //
 345          ECReg   UART2_SCR_REG           _at_    (UART2_BASE_ADDR + 0x07);       //
 346          
 347          
 348          /******************************************************************************
 349          Define
 350          Description: Define global configuration registers
 351          Footnote:
 352          ******************************************************************************/
 353          #define    GLOBAL_BASE_ADDR    0x2900
 354          //ECReg      LDN_REG          _at_    (GLOBAL_BASE_ADDR + 0x07);    // Change LDN
 355          ECReg      Index_07H      _at_    (GLOBAL_BASE_ADDR + 0x07);    // Change LDN
 356          ECReg      Index_13H      _at_    (GLOBAL_BASE_ADDR + 0x13);    // SCI# Output Enable/Disable
 357          ECReg      Index_23H      _at_    (GLOBAL_BASE_ADDR + 0x23);    //
 358          ECReg      Index_25H      _at_    (GLOBAL_BASE_ADDR + 0x25);    //
 359          ECReg      Index_26H      _at_    (GLOBAL_BASE_ADDR + 0x26);    //
 360          ECReg      Index_27H      _at_    (GLOBAL_BASE_ADDR + 0x27);    //
 361          ECReg      Index_28H      _at_    (GLOBAL_BASE_ADDR + 0x28);    //
 362          ECReg      Index_29H      _at_    (GLOBAL_BASE_ADDR + 0x29);    //
 363          ECReg      Index_2AH      _at_    (GLOBAL_BASE_ADDR + 0x2A);    //
 364          ECReg      Index_2BH      _at_    (GLOBAL_BASE_ADDR + 0x2B);    //
C51 COMPILER V7.50   REG_EC                                                                09/17/2020 21:06:54 PAGE 7   

 365          ECReg      Index_2CH      _at_    (GLOBAL_BASE_ADDR + 0x2C);    //
 366          ECReg      Index_2DH      _at_    (GLOBAL_BASE_ADDR + 0x2D);    //
 367          
 368          
 369          ECReg      Index_60H      _at_    (GLOBAL_BASE_ADDR + 0x60);    //
 370          ECReg      Index_61H      _at_    (GLOBAL_BASE_ADDR + 0x61);    //
 371          ECReg      Index_62H      _at_    (GLOBAL_BASE_ADDR + 0x62);    //
 372          ECReg      Index_63H      _at_    (GLOBAL_BASE_ADDR + 0x63);    //
 373          
 374          ECReg      Index_70H      _at_    (GLOBAL_BASE_ADDR + 0x70);    //
 375          ECReg      Index_76H      _at_    (GLOBAL_BASE_ADDR + 0x76);    //
 376          
 377          ECReg      Index_E9H      _at_    (GLOBAL_BASE_ADDR + 0xE9);    //
 378          ECReg      Index_A0H      _at_    (GLOBAL_BASE_ADDR + 0xA0);
 379          ECReg      Index_A1H      _at_    (GLOBAL_BASE_ADDR + 0xA1);
 380          
 381          
 382          ECReg      Index_30H      _at_    (GLOBAL_BASE_ADDR + 0x30);    //
 383          ECReg      Index_B0H      _at_    (GLOBAL_BASE_ADDR + 0xB0);    // (LDN=07)GPIO SET 1 PIN POLARITY REGISTE
             -R
 384          ECReg      Index_B1H      _at_    (GLOBAL_BASE_ADDR + 0xB1);    // (LDN=07)GPIO SET 2 PIN POLARITY REGISTE
             -R
 385          ECReg      Index_B2H      _at_    (GLOBAL_BASE_ADDR + 0xB2);    // (LDN=07)GPIO SET 3 PIN POLARITY REGISTE
             -R
 386          ECReg      Index_B3H      _at_    (GLOBAL_BASE_ADDR + 0xB3);    // (LDN=07)GPIO SET 4 PIN POLARITY REGISTE
             -R
 387          ECReg      Index_B4H      _at_    (GLOBAL_BASE_ADDR + 0xB4);    // (LDN=07)GPIO SET 5 PIN POLARITY REGISTE
             -R
 388          ECReg      Index_B8H      _at_    (GLOBAL_BASE_ADDR + 0xB8);    // (LDN=07)GPIO SET 1 PIN INTERNAL PULL-UP
             - ENABLE REGISTER
 389          ECReg      Index_B9H      _at_    (GLOBAL_BASE_ADDR + 0xB9);    // (LDN=07)GPIO SET 2 PIN INTERNAL PULL-UP
             - ENABLE REGISTER
 390          ECReg      Index_BAH      _at_    (GLOBAL_BASE_ADDR + 0xBA);    // (LDN=07)GPIO SET 3 PIN INTERNAL PULL-UP
             - ENABLE REGISTER
 391          ECReg      Index_BBH      _at_    (GLOBAL_BASE_ADDR + 0xBB);    // (LDN=07)GPIO SET 4 PIN INTERNAL PULL-UP
             - ENABLE REGISTER
 392          ECReg      Index_BCH      _at_    (GLOBAL_BASE_ADDR + 0xBC);    // (LDN=07)GPIO SET 5 PIN INTERNAL PULL-UP
             - ENABLE REGISTER
 393          ECReg      Index_BDH      _at_    (GLOBAL_BASE_ADDR + 0xBD);    // (LDN=07)GPIO SET 6 PIN INTERNAL PULL-UP
             - ENABLE REGISTER
 394          ECReg      Index_BFH      _at_    (GLOBAL_BASE_ADDR + 0xBF);    // (LDN=07)GPIO SET 8 PIN INTERNAL PULL-UP
             - ENABLE REGISTER
 395          ECReg      Index_C0H      _at_    (GLOBAL_BASE_ADDR + 0xC0);    // (LDN=07)SIMPLE I/O SET 1 ENABLE REGISTE
             -R
 396          ECReg      Index_C1H      _at_    (GLOBAL_BASE_ADDR + 0xC1);    // (LDN=07)SIMPLE I/O SET 2 ENABLE REGISTE
             -R
 397          ECReg      Index_C2H      _at_    (GLOBAL_BASE_ADDR + 0xC2);    // (LDN=07)SIMPLE I/O SET 3 ENABLE REGISTE
             -R
 398          ECReg      Index_C3H      _at_    (GLOBAL_BASE_ADDR + 0xC3);    // (LDN=07)SIMPLE I/O SET 4 ENABLE REGISTE
             -R
 399          ECReg      Index_C4H      _at_    (GLOBAL_BASE_ADDR + 0xC4);    // (LDN=07)SIMPLE I/O SET 5 ENABLE REGISTE
             -R
 400          ECReg      Index_C8H      _at_    (GLOBAL_BASE_ADDR + 0xC8);    // (LDN=07)SIMPLE I/O SET 1 OUTPUT ENABLE 
             -REGISTER
 401          ECReg      Index_C9H      _at_    (GLOBAL_BASE_ADDR + 0xC9);    // (LDN=07)SIMPLE I/O SET 2 OUTPUT ENABLE 
             -REGISTER
 402          ECReg      Index_CAH      _at_    (GLOBAL_BASE_ADDR + 0xCA);    // (LDN=07)SIMPLE I/O SET 3 OUTPUT ENABLE 
             -REGISTER
 403          ECReg      Index_CBH      _at_    (GLOBAL_BASE_ADDR + 0xCB);    // (LDN=07)SIMPLE I/O SET 4 OUTPUT ENABLE 
             -REGISTER
 404          ECReg      Index_CCH      _at_    (GLOBAL_BASE_ADDR + 0xCC);    // (LDN=07)SIMPLE I/O SET 5 OUTPUT ENABLE 
             -REGISTER
C51 COMPILER V7.50   REG_EC                                                                09/17/2020 21:06:54 PAGE 8   

 405          ECReg      Index_CDH      _at_    (GLOBAL_BASE_ADDR + 0xCD);    // (LDN=07)SIMPLE I/O SET 6 OUTPUT ENABLE 
             -REGISTER
 406          ECReg      Index_CEH      _at_    (GLOBAL_BASE_ADDR + 0xCE);    // (LDN=07)SIMPLE I/O SET 7 OUTPUT ENABLE 
             -REGISTER
 407          ECReg      Index_CFH      _at_    (GLOBAL_BASE_ADDR + 0xCF);    // (LDN=07)SIMPLE I/O SET 8 OUTPUT ENABLE 
             -REGISTER
 408          ECReg      Index_F0H      _at_    (GLOBAL_BASE_ADDR + 0xF0);    //
 409          ECReg      Index_F2H      _at_    (GLOBAL_BASE_ADDR + 0xF2);    //
 410          ECReg      Index_F4H      _at_    (GLOBAL_BASE_ADDR + 0xF4);    //
 411          ECReg      Index_F7H      _at_    (GLOBAL_BASE_ADDR + 0xF7);    //
 412          
 413          ECReg      DACPDREG       _at_    (GLOBAL_BASE_ADDR + 0x90);    // Respective DAC Channel Power Down
 414          ECReg      DACDAT0_LSB    _at_    (GLOBAL_BASE_ADDR + 0x91);    // DAC Channel 0 Low Byte
 415          ECReg      DACDAT0_MSB    _at_    (GLOBAL_BASE_ADDR + 0x92);    // DAC Channel 0 High Byte
 416          ECReg      DACDAT1_LSB    _at_    (GLOBAL_BASE_ADDR + 0x93);    // DAC Channel 1 Low Byte
 417          ECReg      DACDAT1_MSB    _at_    (GLOBAL_BASE_ADDR + 0x94);    // DAC Channel 1 High Byte
 418          ECReg      DACDAT2_LSB    _at_    (GLOBAL_BASE_ADDR + 0x95);    // DAC Channel 2 Low Byte
 419          ECReg      DACDAT2_MSB    _at_    (GLOBAL_BASE_ADDR + 0x96);    // DAC Channel 2 High Byte
 420          ECReg      DACDAT3_LSB    _at_    (GLOBAL_BASE_ADDR + 0x97);    // DAC Channel 3 Low Byte
 421          ECReg      DACDAT3_MSB    _at_    (GLOBAL_BASE_ADDR + 0x98);    // DAC Channel 3 High Byte
 422          ECReg      DACDAT4_LSB    _at_    (GLOBAL_BASE_ADDR + 0x99);    // DAC Channel 4 Low Byte
 423          ECReg      DACDAT4_MSB    _at_    (GLOBAL_BASE_ADDR + 0x9A);    // DAC Channel 4 High Byte
 424          
 425          
 426          
 427          
 428          /******************************************************************************
 429          Define
 430          Description: Define Environment Controller output registers
 431          Footnote:
 432          ******************************************************************************/
 433          //#define    GEE_BASE_ADDR    0x2A00
 434          ECReg   CFG_REG                          _at_ (GEE_BASE_ADDR + 0x00);    //
 435          ECReg   HWM_ISR1                                _at_ (GEE_BASE_ADDR + 0x01);    //
 436          ECReg   IF_SELECT_REG                   _at_ (GEE_BASE_ADDR + 0x0A);
 437          ECReg   PWM_STEP_FREQ_REG               _at_ (GEE_BASE_ADDR + 0x0B);
 438          ECReg   PWM_F1TLRR                      _at_ (GEE_BASE_ADDR + 0x0D);
 439          ECReg   PWM_F2TLRR                      _at_ (GEE_BASE_ADDR + 0x0E);
 440          ECReg   PWM_F3TLRR                      _at_ (GEE_BASE_ADDR + 0x0F);
 441          ECReg   FAN0_Limit_LR                   _at_ (GEE_BASE_ADDR + 0x10);
 442          ECReg   FAN1_Limit_LR                   _at_ (GEE_BASE_ADDR + 0x11);
 443          ECReg   FAN2_Limit_LR                   _at_ (GEE_BASE_ADDR + 0x12);
 444          ECReg   FAN_MAIN_CTL                    _at_ (GEE_BASE_ADDR + 0x13);
 445          ECReg   FAN_CTL                                 _at_ (GEE_BASE_ADDR + 0x14);
 446          ECReg   FAN_CTL1                                _at_ (GEE_BASE_ADDR + 0x15);
 447          ECReg   FAN_CTL2                                _at_ (GEE_BASE_ADDR + 0x16);
 448          ECReg   FAN_CTL3                                _at_ (GEE_BASE_ADDR + 0x17);
 449          ECReg   PWM_F1TMRR                      _at_ (GEE_BASE_ADDR + 0x18);
 450          ECReg   PWM_F2TMRR                      _at_ (GEE_BASE_ADDR + 0x19);
 451          ECReg   PWM_F3TMRR                      _at_ (GEE_BASE_ADDR + 0x1A);
 452          
 453          ECReg   FAN0_Limit_MR                           _at_ (GEE_BASE_ADDR + 0x1B);
 454          ECReg   FAN1_Limit_MR                           _at_ (GEE_BASE_ADDR + 0x1C);
 455          ECReg   FAN2_Limit_MR                           _at_ (GEE_BASE_ADDR + 0x1D);
 456          
 457          ECReg   ADC_channel_enable              _at_ (GEE_BASE_ADDR + 0x50);
 458          
 459          
 460          ECReg   zz2                                             _at_ (GEE_BASE_ADDR + 0x5C);    //
 461          
 462          ECReg   PWM_FAN_CTL1                    _at_ (GEE_BASE_ADDR + 0x63);
 463          ECReg   PWM_FAN_CTL2                    _at_ (GEE_BASE_ADDR + 0x6B);
C51 COMPILER V7.50   REG_EC                                                                09/17/2020 21:06:54 PAGE 9   

 464          ECReg   PWM_FAN_CTL3                    _at_ (GEE_BASE_ADDR + 0x73);
 465          
 466          ECReg   ADC0_test                               _at_ (GEE_BASE_ADDR + 0x20);
 467          ECReg   ADC1_test                               _at_ (GEE_BASE_ADDR + 0x21);
 468          ECReg   ADC2_test                               _at_ (GEE_BASE_ADDR + 0x22);
 469          ECReg   ADC3_test                               _at_ (GEE_BASE_ADDR + 0x23);
 470          ECReg   ADC4_test                               _at_ (GEE_BASE_ADDR + 0x24);
 471          ECReg   ADC5_test                               _at_ (GEE_BASE_ADDR + 0x25);
 472          
 473          ECReg   TMPIN1                                  _at_ (GEE_BASE_ADDR + 0x29);
 474          ECReg   TMPIN2                                  _at_ (GEE_BASE_ADDR + 0x2A);
 475          ECReg   TMPIN3                                  _at_ (GEE_BASE_ADDR + 0x2B);
 476          
 477          ECReg   ADC_VCEn                                _at_ (GEE_BASE_ADDR + 0xAC);
 478          ECReg   ADC0_VRR                                _at_ (GEE_BASE_ADDR + 0xB0);
 479          ECReg   ADC1_VRR                                _at_ (GEE_BASE_ADDR + 0xB1);
 480          ECReg   ADC2_VRR                                _at_ (GEE_BASE_ADDR + 0xB2);
 481          ECReg   ADC3_VRR                                _at_ (GEE_BASE_ADDR + 0xB3);
 482          ECReg   ADC4_VRR                                _at_ (GEE_BASE_ADDR + 0xB4);
 483          ECReg   ADC5_VRR                                _at_ (GEE_BASE_ADDR + 0xB5);
 484          
 485          #define    EC_PECI_BASE_ADDR    0x2A80
 486          ECReg   PECI_HOST_STS                   _at_ (EC_PECI_BASE_ADDR + 0x08);
 487          ECReg   PECI_TARGET_ADDR                _at_ (EC_PECI_BASE_ADDR + 0x09);
 488          ECReg   PECI_WR_LENGTH          _at_ (EC_PECI_BASE_ADDR + 0x0A);
 489          ECReg   PECI_RD_LENGTH                  _at_ (EC_PECI_BASE_ADDR + 0x0B);
 490          ECReg   PECI_WR_DATA_1          _at_ (EC_PECI_BASE_ADDR + 0x0C);
 491          ECReg   PECI_WR_DATA_2_TO_8     _at_ (EC_PECI_BASE_ADDR + 0x0D);
 492          ECReg   PECI_HOST_CTRL                  _at_ (EC_PECI_BASE_ADDR + 0x0E);
 493          ECReg   PECI_FIFO                               _at_ (EC_PECI_BASE_ADDR + 0x0F);
 494          
 495          #define    EC_SMLINK_BASE_ADDR    0x2A98
 496          ECReg   PCH_AMDTSI_HOST_STS             _at_ (EC_SMLINK_BASE_ADDR + 0x00);
 497          ECReg   PCH_AMDTSI_TARGET_ADDR  _at_ (EC_SMLINK_BASE_ADDR + 0x01);
 498          ECReg   PCH_AMDTSI_HOST_CMD             _at_ (EC_SMLINK_BASE_ADDR + 0x04);
 499          ECReg   PCH_AMDTSI_HOST_CTRL            _at_ (EC_SMLINK_BASE_ADDR + 0x06);
 500          ECReg   PCH_AMDTSI_HOST_FIFO            _at_ (EC_SMLINK_BASE_ADDR + 0x07);
 501          
 502          
 503          /******************************************************************************
 504          Define
 505          Description: Define GPIO output registers
 506          Footnote:
 507          ******************************************************************************/
 508          #define    GPIO_BASE_ADDR    0x2C00
 509          ECReg      GPIO_1x       _at_    (GPIO_BASE_ADDR + 0x00);    //
 510          ECReg      GPIO_2x       _at_    (GPIO_BASE_ADDR + 0x01);    //
 511          ECReg      GPIO_3x       _at_    (GPIO_BASE_ADDR + 0x02);    //
 512          ECReg      GPIO_4x       _at_    (GPIO_BASE_ADDR + 0x03);    //
 513          ECReg      GPIO_5x       _at_    (GPIO_BASE_ADDR + 0x04);    //
 514          ECReg      GPIO_6x       _at_    (GPIO_BASE_ADDR + 0x05);    //
 515          ECReg      GPIO_7x       _at_    (GPIO_BASE_ADDR + 0x06);    //
 516          ECReg      GPIO_8x       _at_    (GPIO_BASE_ADDR + 0x07);    //
 517          
 518          
 519          
C51 COMPILER V7.50   REG_EC                                                                09/17/2020 21:06:54 PAGE 10  

ASSEMBLY LISTING OF GENERATED OBJECT CODE




MODULE INFORMATION:   STATIC OVERLAYABLE
   CODE SIZE        =   ----    ----
   CONSTANT SIZE    =   ----    ----
   XDATA SIZE       =   ----    ----
   PDATA SIZE       =   ----    ----
   DATA SIZE        =   ----    ----
   IDATA SIZE       =   ----    ----
   BIT SIZE         =   ----    ----
END OF MODULE INFORMATION.


C51 COMPILATION COMPLETE.  0 WARNING(S),  0 ERROR(S)
