C51 COMPILER V7.50   OEM_BANK1_FUNC                                                        09/08/2020 15:56:28 PAGE 1   


C51 COMPILER V7.50, COMPILATION OF MODULE OEM_BANK1_FUNC
OBJECT MODULE PLACED IN Code\Oem\OEM_BANK1_Func.OBJ
COMPILER INVOKED BY: C:\Keil\C51\BIN\c51.exe Code\Oem\OEM_BANK1_Func.C LA WL(1) CD OT(9,SIZE) NOAREGS OR INCDIR(.\Code\C
                    -ORE\INCLUDE\;.\Code\OEM\INCLUDE\;.\Code\CHIP\INCLUDE\)

line level    source

   1          /*-----------------------------------------------------------------------------
   2           * TITLE: OEM_BANK1_Func.C
   3           *
   4           * Author : Dino
   5           *
   6           * Note : These functions are reference only.
   7           *        Please follow your project software specification to do some modification.
   8           *---------------------------------------------------------------------------*/
   9          
  10          #include <CORE_INCLUDE.H>
  11          #include <OEM_INCLUDE.H>
  12          
  13          //----------------------------------------------------------------------------
  14          // OEM test function of code bank1
  15          //----------------------------------------------------------------------------
  16          
  17          
  18          
  19          
  20           
  21          
  22          void Bank1_Test(void)
  23          {
  24   1      
  25   1      }
  26          
C51 COMPILER V7.50   OEM_BANK1_FUNC                                                        09/08/2020 15:56:28 PAGE 2   

ASSEMBLY LISTING OF GENERATED OBJECT CODE


             ; FUNCTION Bank1_Test (BEGIN)
                                           ; SOURCE LINE # 22
                                           ; SOURCE LINE # 23
                                           ; SOURCE LINE # 25
0000 22                RET     
             ; FUNCTION Bank1_Test (END)



MODULE INFORMATION:   STATIC OVERLAYABLE
   CODE SIZE        =      1    ----
   CONSTANT SIZE    =   ----    ----
   XDATA SIZE       =   ----    ----
   PDATA SIZE       =   ----    ----
   DATA SIZE        =   ----    ----
   IDATA SIZE       =   ----    ----
   BIT SIZE         =   ----    ----
END OF MODULE INFORMATION.


C51 COMPILATION COMPLETE.  0 WARNING(S),  0 ERROR(S)
