C51 COMPILER V7.50   OEM_IRQ                                                               09/08/2020 15:56:25 PAGE 1   


C51 COMPILER V7.50, COMPILATION OF MODULE OEM_IRQ
OBJECT MODULE PLACED IN Code\Oem\OEM_IRQ.OBJ
COMPILER INVOKED BY: C:\Keil\C51\BIN\c51.exe Code\Oem\OEM_IRQ.C LA WL(1) CD OT(9,SIZE) NOAREGS OR INCDIR(.\Code\CORE\INC
                    -LUDE\;.\Code\OEM\INCLUDE\;.\Code\CHIP\INCLUDE\)

line level    source

   1          /*-----------------------------------------------------------------------------
   2           * TITLE: OEM_IRQ.C
   3           *
   4           * Author : Dino
   5           *
   6           * Note : These functions are reference only.
   7           *        Please follow your project software specification to do some modification.
   8           *---------------------------------------------------------------------------*/
   9          
  10          #include <CORE_INCLUDE.H>
  11          #include <OEM_INCLUDE.H>
  12          
  13          //----------------------------------------------------------------------------
  14          // Hook WKO[20]
  15          //----------------------------------------------------------------------------
  16          void Hook_IRQ_INT1_WKO20(void)
  17          {
  18   1      
  19   1      }
  20          
  21          //----------------------------------------------------------------------------
  22          // Hook KBC Output Buffer Empty Interrupt
  23          //----------------------------------------------------------------------------
  24          void Hook_IRQ_INT2_KBCOBE(void)
  25          {
  26   1      
  27   1      }
  28          
  29          //----------------------------------------------------------------------------
  30          // Hook PMC Output Buffer Empty Intr. PMC1 Output Buffer Empty Intr.
  31          //----------------------------------------------------------------------------
  32          void Hook_IRQ_INT3_PMCPMC1OBE(void)
  33          {
  34   1      
  35   1      }
  36          
  37          //----------------------------------------------------------------------------
  38          // Hook SMBus D Interrupt
  39          //----------------------------------------------------------------------------
  40          void Hook_IRQ_INT4_SMBusD(void)
  41          {
  42   1      
  43   1      }
  44          
  45          //----------------------------------------------------------------------------
  46          // Hook WKINTAD (WKINTA or WKINTD)
  47          //----------------------------------------------------------------------------
  48          void Hook_IRQ_INT5_WKINTAD(void)
  49          {
  50   1      
  51   1      }
  52          
  53          //----------------------------------------------------------------------------
  54          // Hook WKO[23]
C51 COMPILER V7.50   OEM_IRQ                                                               09/08/2020 15:56:25 PAGE 2   

  55          //----------------------------------------------------------------------------
  56          void Hook_IRQ_INT6_WKO23(void)
  57          {
  58   1      
  59   1      }
  60          
  61          //----------------------------------------------------------------------------
  62          // Hook PWM Interrupt
  63          //----------------------------------------------------------------------------
  64          void Hook_IRQ_INT7_PWM(void)
  65          {
  66   1      
  67   1      }
  68          
  69          //----------------------------------------------------------------------------
  70          // Hook ADC Interrupt
  71          //----------------------------------------------------------------------------
  72          void Hook_IRQ_INT8_ADC(void)
  73          {
  74   1      
  75   1      }
  76          
  77          //----------------------------------------------------------------------------
  78          // Hook SMBus A Interrupt
  79          //----------------------------------------------------------------------------
  80          void Hook_IRQ_INT9_SMBusA(void)
  81          {
  82   1              CLEAR_MASK(IER1,Int_SMBUS0);
  83   1          ISR1 = Int_SMBUS0;
  84   1              F_Service_SMBus1=SMBus_NeedService;
  85   1      }
  86          
  87          //----------------------------------------------------------------------------
  88          // Hook SMBus B Interrupt
  89          //----------------------------------------------------------------------------
  90          void Hook_IRQ_INT10_SMBusB(void)
  91          {
  92   1              CLEAR_MASK(IER1,Int_SMBUS1);
  93   1          ISR1 = Int_SMBUS1;
  94   1              F_Service_SMBus2=SMBus_NeedService;
  95   1      }
  96          
  97          //----------------------------------------------------------------------------
  98          // Hook KB Matrix Scan Interrupt
  99          //----------------------------------------------------------------------------
 100          void Hook_IRQ_INT11_KBMatrixScan(void)
 101          {
 102   1      
 103   1      }
 104          
 105          //----------------------------------------------------------------------------
 106          // Hook WKO[26]
 107          //----------------------------------------------------------------------------
 108          void Hook_IRQ_INT12_WKO26(void)
 109          {
 110   1      
 111   1      }
 112          
 113          //----------------------------------------------------------------------------
 114          // Hook WKINTC
 115          //----------------------------------------------------------------------------
 116          void Hook_IRQ_INT13_WKINTC(void)
C51 COMPILER V7.50   OEM_IRQ                                                               09/08/2020 15:56:25 PAGE 3   

 117          {
 118   1      
 119   1      }
 120          
 121          //----------------------------------------------------------------------------
 122          // Hook WKO[25]
 123          //----------------------------------------------------------------------------
 124          void Hook_IRQ_INT14_WKO25(void)
 125          {
 126   1      
 127   1      }
 128          
 129          //----------------------------------------------------------------------------
 130          // Hook CIR Interrupt
 131          //----------------------------------------------------------------------------
 132          void Hook_IRQ_INT15_CIR(void)
 133          {
 134   1              CLEAR_MASK(IER1, Int_CIR);  // Hook Disable INT15 CIR Interrupt
 135   1          ISR1 = Int_CIR;             // Hook Clear INT15 pending Status
 136   1              F_Service_CIR = 1;
 137   1      }
 138          
 139          //----------------------------------------------------------------------------
 140          // Hook SMBus C Interrupt
 141          //----------------------------------------------------------------------------
 142          void Hook_IRQ_INT16_SMBusC(void)
 143          {
 144   1              CLEAR_MASK(IER2,Int_SMBUS2);
 145   1          ISR2 = Int_SMBUS2;
 146   1              F_Service_SMBus3=SMBus_NeedService;     
 147   1      }
 148          
 149          //----------------------------------------------------------------------------
 150          // Hook WKO[24]
 151          //----------------------------------------------------------------------------
 152          void Hook_IRQ_INT17_WKO24(void)
 153          {
 154   1      
 155   1      }
 156          
 157          //----------------------------------------------------------------------------
 158          // Hook PS/2 Interrupt 2
 159          //----------------------------------------------------------------------------
 160          void Hook_IRQ_INT18_PS2Interrupt2(void)
 161          {
 162   1      
 163   1      }
 164          
 165          //----------------------------------------------------------------------------
 166          // Hook PS/2 Interrupt 1
 167          //----------------------------------------------------------------------------
 168          void Hook_IRQ_INT19_PS2Interrupt1(void)
 169          {
 170   1      
 171   1      }
 172          
 173          //----------------------------------------------------------------------------
 174          // Hook PS/2 Interrupt 0
 175          //----------------------------------------------------------------------------
 176          void Hook_IRQ_INT20_PS2Interrupt0(void)
 177          {
 178   1      
C51 COMPILER V7.50   OEM_IRQ                                                               09/08/2020 15:56:25 PAGE 4   

 179   1      }
 180          
 181          //----------------------------------------------------------------------------
 182          // Hook WKO[22]
 183          //----------------------------------------------------------------------------
 184          void Hook_IRQ_INT21_WKO22(void)
 185          {
 186   1      
 187   1      }
 188          
 189          //----------------------------------------------------------------------------
 190          // Hook SMFI Semaphore Interrupt
 191          //----------------------------------------------------------------------------
 192          void Hook_IRQ_INT22_SMFISemaphore(void)
 193          {
 194   1      
 195   1      }
 196          
 197          //----------------------------------------------------------------------------
 198          //
 199          //----------------------------------------------------------------------------
 200          void Hook_IRQ_INT23_Null(void)
 201          {
 202   1      
 203   1      }
 204          
 205          //----------------------------------------------------------------------------
 206          // Hook KBC Input Buffer Full Interrupt
 207          //----------------------------------------------------------------------------
 208          void Hook_IRQ_INT24_KBCIBF(void)
 209          {
 210   1      
 211   1      }
 212          
 213          //----------------------------------------------------------------------------
 214          // Hook PMC Input Buffer Full Interrupt PMC1 Input Buffer Full Interrupt
 215          //----------------------------------------------------------------------------
 216          void Hook_IRQ_INT25_PMCPMC1IBF(void)
 217          {
 218   1      
 219   1      }
 220          
 221          //----------------------------------------------------------------------------
 222          // Hook PMC2 Output Buffer Empty Intr.
 223          //----------------------------------------------------------------------------
 224          void Hook_IRQ_INT26_PMC2OBE(void)
 225          {
 226   1      
 227   1      }
 228          
 229          //----------------------------------------------------------------------------
 230          // Hook PMC2 Input Buffer Full Intr.
 231          //----------------------------------------------------------------------------
 232          void Hook_IRQ_INT27_PMC2IBF(void)
 233          {
 234   1      
 235   1      }
 236          
 237          //----------------------------------------------------------------------------
 238          // Hook GINT from function 1 of GPD5
 239          //----------------------------------------------------------------------------
 240          void Hook_IRQ_INT28_GINTofGPD5(void)
C51 COMPILER V7.50   OEM_IRQ                                                               09/08/2020 15:56:25 PAGE 5   

 241          {
 242   1      
 243   1      }
 244          
 245          //----------------------------------------------------------------------------
 246          // Hook EGPC Interrupt
 247          //----------------------------------------------------------------------------
 248          void Hook_IRQ_INT29_EGPC(void)
 249          {
 250   1      
 251   1      }
 252          
 253          //----------------------------------------------------------------------------
 254          // Hook External Timer 1 Interrupt
 255          //----------------------------------------------------------------------------
 256          void Hook_IRQ_INT30_ET1(void)
 257          {
 258   1      
 259   1      }
 260          
 261          //----------------------------------------------------------------------------
 262          // Hook WKO[21]
 263          //----------------------------------------------------------------------------
 264          void Hook_IRQ_INT31_WKO21(void)
 265          {
 266   1      
 267   1      }
 268          
 269          //----------------------------------------------------------------------------
 270          // Hook GPINT0
 271          //----------------------------------------------------------------------------
 272          void Hook_IRQ_INT32_GPINT0(void)
 273          {
 274   1      
 275   1      }
 276          
 277          //----------------------------------------------------------------------------
 278          // Hook GPINT1
 279          //----------------------------------------------------------------------------
 280          void Hook_IRQ_INT33_GPINT1(void)
 281          {
 282   1      
 283   1      }
 284          
 285          //----------------------------------------------------------------------------
 286          // Hook GPINT2
 287          //----------------------------------------------------------------------------
 288          void Hook_IRQ_INT34_GPINT2(void)
 289          {
 290   1      
 291   1      }
 292          
 293          //----------------------------------------------------------------------------
 294          // Hook GPINT3
 295          //----------------------------------------------------------------------------
 296          void Hook_IRQ_INT35_GPINT3(void)
 297          {
 298   1      
 299   1      }
 300          
 301          //----------------------------------------------------------------------------
 302          // Hook CIR GPINT
C51 COMPILER V7.50   OEM_IRQ                                                               09/08/2020 15:56:25 PAGE 6   

 303          //----------------------------------------------------------------------------
 304          void Hook_IRQ_INT36_CIRGPINT(void)
 305          {
 306   1      
 307   1      }
 308          
 309          //----------------------------------------------------------------------------
 310          // Hook SSPI Interrupt
 311          //----------------------------------------------------------------------------
 312          void Hook_IRQ_INT37_SSPI(void)
 313          {
 314   1      
 315   1      }
 316          
 317          //----------------------------------------------------------------------------
 318          // Hook UART1 Interrupt
 319          //----------------------------------------------------------------------------
 320          void Hook_IRQ_INT38_UART1(void)
 321          {
 322   1      
 323   1      }
 324          
 325          //----------------------------------------------------------------------------
 326          // Hook UART2 Interrupt
 327          //----------------------------------------------------------------------------
 328          void Hook_IRQ_INT39_UART2(void)
 329          {
 330   1      
 331   1      }
 332          
 333          //----------------------------------------------------------------------------
 334          //
 335          //----------------------------------------------------------------------------
 336          void Hook_IRQ_INT40_Null(void)
 337          {
 338   1      
 339   1      }
 340          
 341          //----------------------------------------------------------------------------
 342          //
 343          //----------------------------------------------------------------------------
 344          void Hook_IRQ_INT41_Null(void)
 345          {
 346   1      
 347   1      }
 348          
 349          //----------------------------------------------------------------------------
 350          //
 351          //----------------------------------------------------------------------------
 352          void Hook_IRQ_INT42_Null(void)
 353          {
 354   1      
 355   1      }
 356          
 357          //----------------------------------------------------------------------------
 358          //
 359          //----------------------------------------------------------------------------
 360          void Hook_IRQ_INT43_Null(void)
 361          {
 362   1      
 363   1      }
 364          
C51 COMPILER V7.50   OEM_IRQ                                                               09/08/2020 15:56:25 PAGE 7   

 365          //----------------------------------------------------------------------------
 366          //
 367          //----------------------------------------------------------------------------
 368          void Hook_IRQ_INT44_Null(void)
 369          {
 370   1      
 371   1      }
 372          
 373          //----------------------------------------------------------------------------
 374          //
 375          //----------------------------------------------------------------------------
 376          void Hook_IRQ_INT45_Null(void)
 377          {
 378   1      
 379   1      }
 380          
 381          //----------------------------------------------------------------------------
 382          //
 383          //----------------------------------------------------------------------------
 384          void Hook_IRQ_INT46_Null(void)
 385          {
 386   1      
 387   1      }
 388          
 389          //----------------------------------------------------------------------------
 390          //
 391          //----------------------------------------------------------------------------
 392          void Hook_IRQ_INT47_Null(void)
 393          {
 394   1      
 395   1      }
 396          
 397          //----------------------------------------------------------------------------
 398          // Hook WKO[60]
 399          //----------------------------------------------------------------------------
 400          void Hook_IRQ_INT48_WKO60(void)
 401          {
 402   1      
 403   1      }
 404          
 405          //----------------------------------------------------------------------------
 406          // Hook WKO[61]
 407          //----------------------------------------------------------------------------
 408          void Hook_IRQ_INT49_WKO61(void)
 409          {
 410   1      
 411   1      }
 412          
 413          //----------------------------------------------------------------------------
 414          //WKO[62]
 415          //----------------------------------------------------------------------------
 416          void Hook_IRQ_INT50_WKO62(void)
 417          {
 418   1      
 419   1      }
 420          
 421          //----------------------------------------------------------------------------
 422          // Hook WKO[63]
 423          //----------------------------------------------------------------------------
 424          void Hook_IRQ_INT51_WKO63(void)
 425          {
 426   1      
C51 COMPILER V7.50   OEM_IRQ                                                               09/08/2020 15:56:25 PAGE 8   

 427   1      }
 428          
 429          //----------------------------------------------------------------------------
 430          // Hook WKO[64]
 431          //----------------------------------------------------------------------------
 432          void Hook_IRQ_INT52_WKO64(void)
 433          {
 434   1      
 435   1      }
 436          
 437          //----------------------------------------------------------------------------
 438          // Hook WKO[65]
 439          //----------------------------------------------------------------------------
 440          void Hook_IRQ_INT53_WKO65(void)
 441          {
 442   1      
 443   1      }
 444          
 445          //----------------------------------------------------------------------------
 446          // Hook WKO[66]
 447          //----------------------------------------------------------------------------
 448          void Hook_IRQ_INT54_WKO66(void)
 449          {
 450   1      
 451   1      }
 452          
 453          //----------------------------------------------------------------------------
 454          // Hook WKO[67]
 455          //----------------------------------------------------------------------------
 456          void Hook_IRQ_INT55_WKO67(void)
 457          {
 458   1      
 459   1      }
 460          
 461          //----------------------------------------------------------------------------
 462          //
 463          //----------------------------------------------------------------------------
 464          void Hook_IRQ_INT56_Null(void)
 465          {
 466   1      
 467   1      }
 468          
 469          //----------------------------------------------------------------------------
 470          //
 471          //----------------------------------------------------------------------------
 472          void Hook_IRQ_INT57_Null(void)
 473          {
 474   1      
 475   1      }
 476          
 477          //----------------------------------------------------------------------------
 478          // Hook External Timer 2 Interrupt
 479          //----------------------------------------------------------------------------
 480          void Hook_IRQ_INT58_ET2(void)
 481          {
 482   1      
 483   1      }
 484          
 485          //----------------------------------------------------------------------------
 486          // Hook Deferred SPI Instruction Interrupt
 487          // Note : 
 488          //  Don't use timer 1 in this function
C51 COMPILER V7.50   OEM_IRQ                                                               09/08/2020 15:56:25 PAGE 9   

 489          //----------------------------------------------------------------------------
 490          void Hook_IRQ_INT59_DeferredSPIInstruction(void)
 491          {
 492   1          #ifdef HSPI_DefferingMode
                  BackUpTR1 = TR1;                    // store TR1 status
                  TR1 = 0;                            // Disable timer1
                      CLEAR_MASK(IER7,Int_DeferredSPI);   // Disable HSPI interrup
                  HSPI_RamCode();
                  SET_MASK(IER7,Int_DeferredSPI);     // Enable HSPI interrupt
                  TR1 = BackUpTR1;                    // Re store TR1 status
                  #endif
 500   1      }
 501          
 502          //----------------------------------------------------------------------------
 503          // Hook TMRINTA0
 504          //----------------------------------------------------------------------------
 505          void Hook_IRQ_INT60_TMRINTA0(void)
 506          {
 507   1      
 508   1      }
 509          
 510          //----------------------------------------------------------------------------
 511          // Hook TMRINTA1
 512          //----------------------------------------------------------------------------
 513          void Hook_IRQ_INT61_TMRINTA1(void)
 514          {
 515   1      
 516   1      }
 517          
 518          //----------------------------------------------------------------------------
 519          // Hook TMRINTB0
 520          //----------------------------------------------------------------------------
 521          void Hook_IRQ_INT62_TMRINTB0(void)
 522          {
 523   1      
 524   1      }
 525          
 526          //----------------------------------------------------------------------------
 527          // Hook TMRINTB1
 528          //----------------------------------------------------------------------------
 529          void Hook_IRQ_INT63_TMRINTB1(void)
 530          {
 531   1      
 532   1      }
 533          
 534          //----------------------------------------------------------------------------
 535          // Hook PMC2EX Output Buffer Empty Intr.
 536          //----------------------------------------------------------------------------
 537          void Hook_IRQ_INT64_PMC2EXOBE(void)
 538          {
 539   1      
 540   1      }
 541          
 542          //----------------------------------------------------------------------------
 543          // Hook PMC2EX Input Buffer Full Intr.
 544          //----------------------------------------------------------------------------
 545          void Hook_IRQ_INT65_PMC2EXIBF(void)
 546          {
 547   1      
 548   1      }
 549          
 550          //----------------------------------------------------------------------------
C51 COMPILER V7.50   OEM_IRQ                                                               09/08/2020 15:56:25 PAGE 10  

 551          // Hook PMC3 Output Buffer Empty Intr.
 552          //----------------------------------------------------------------------------
 553          void Hook_IRQ_INT66_PMC3OBE(void)
 554          {
 555   1      
 556   1      }
 557          
 558          //----------------------------------------------------------------------------
 559          // Hook PMC3 Input Buffer Full Intr.
 560          //----------------------------------------------------------------------------
 561          void Hook_IRQ_INT67_PMC3IBF(void)
 562          {
 563   1              CLEAR_MASK(IER8,Int_PMC3IBF);
 564   1          ISR8 = Int_PMC3IBF;
 565   1          F_Service_PCI4 = 1;
 566   1      }
 567          
 568          //----------------------------------------------------------------------------
 569          // Hook PMC4 Output Buffer Empty Intr.
 570          //----------------------------------------------------------------------------
 571          void Hook_IRQ_INT68_PMC4OBE(void)
 572          {
 573   1      
 574   1      }
 575          
 576          //----------------------------------------------------------------------------
 577          // Hook PMC4 Input Buffer Full Intr.
 578          //----------------------------------------------------------------------------
 579          void Hook_IRQ_INT69_PMC4IBF(void)
 580          {
 581   1      
 582   1      }
 583          
 584          //----------------------------------------------------------------------------
 585          //
 586          //----------------------------------------------------------------------------
 587          void Hook_IRQ_INT70_Null(void)
 588          {
 589   1      
 590   1      }
 591          
 592          //----------------------------------------------------------------------------
 593          // Hook I2BRAM Interrupt
 594          //----------------------------------------------------------------------------
 595          void Hook_IRQ_INT71_I2BRAM(void)
 596          {
 597   1      
 598   1      }
 599          
 600          //----------------------------------------------------------------------------
 601          // Hook WKO[70]
 602          //----------------------------------------------------------------------------
 603          void Hook_IRQ_INT72_WKO70(void)
 604          {
 605   1      
 606   1      }
 607          
 608          //----------------------------------------------------------------------------
 609          // Hook WKO[71]
 610          //----------------------------------------------------------------------------
 611          void Hook_IRQ_INT73_WKO71(void)
 612          {
C51 COMPILER V7.50   OEM_IRQ                                                               09/08/2020 15:56:25 PAGE 11  

 613   1      
 614   1      }
 615          
 616          //----------------------------------------------------------------------------
 617          // Hook WKO[72]
 618          //----------------------------------------------------------------------------
 619          void Hook_IRQ_INT74_WKO72(void)
 620          {
 621   1      
 622   1      }
 623          
 624          //----------------------------------------------------------------------------
 625          // Hook WKO[73]
 626          //----------------------------------------------------------------------------
 627          void Hook_IRQ_INT75_WKO73(void)
 628          {
 629   1      
 630   1      }
 631          
 632          //----------------------------------------------------------------------------
 633          // Hook WKO[74]
 634          //----------------------------------------------------------------------------
 635          void Hook_IRQ_INT76_WKO74(void)
 636          {
 637   1      
 638   1      }
 639          
 640          //----------------------------------------------------------------------------
 641          // Hook WKO[75]
 642          //----------------------------------------------------------------------------
 643          void Hook_IRQ_INT77_WKO75(void)
 644          {
 645   1      
 646   1      }
 647          
 648          //----------------------------------------------------------------------------
 649          // Hook WKO[76]
 650          //----------------------------------------------------------------------------
 651          void Hook_IRQ_INT78_WKO76(void)
 652          {
 653   1      
 654   1      }
 655          
 656          //----------------------------------------------------------------------------
 657          // Hook WKO[77]
 658          //----------------------------------------------------------------------------
 659          void Hook_IRQ_INT79_WKO77(void)
 660          {
 661   1      
 662   1      }
 663          
 664          //------------------------------------------------------------
 665          // OEM enable Cir interrupt
 666          //------------------------------------------------------------
 667          void Hook_EnableInterrupt(void)
 668          {
 669   1          #if CIRFuncSupport
                      if(SysPowState!=SYSTEM_S0)
                      {
                              SET_MASK(IER1, Int_CIR);    // enable CIR interrupt 
                      }
                  #endif
C51 COMPILER V7.50   OEM_IRQ                                                               09/08/2020 15:56:25 PAGE 12  

 675   1      
 676   1          #ifdef PMC3_Support
                      EnablePMC3IBFInt(); // Enable PMC3 input buffer full interrup
                      #endif
 679   1      }
 680          
 681          //------------------------------------------------------------------------------
 682          // The function of enabling PMC3 Input Buffer Full Interrupt 
 683          //------------------------------------------------------------------------------
 684          void EnablePMC3IBFInt(void)
 685          {
 686   1          SET_MASK(IER8,Int_PMC3IBF); 
 687   1      }
 688          
 689          //------------------------------------------------------------
 690          // If want to use Hook_OEM_Isr_Int1 function,
 691          // to set "OEM_Isr_Int1_Request" flag is necessary.
 692          //------------------------------------------------------------
 693          void Hook_OEM_Isr_Int1(void)
 694          {
 695   1      
 696   1      }
 697          
C51 COMPILER V7.50   OEM_IRQ                                                               09/08/2020 15:56:25 PAGE 13  

ASSEMBLY LISTING OF GENERATED OBJECT CODE


             ; FUNCTION Hook_IRQ_INT1_WKO20 (BEGIN)
                                           ; SOURCE LINE # 16
                                           ; SOURCE LINE # 17
                                           ; SOURCE LINE # 19
0000 22                RET     
             ; FUNCTION Hook_IRQ_INT1_WKO20 (END)

             ; FUNCTION Hook_IRQ_INT2_KBCOBE (BEGIN)
                                           ; SOURCE LINE # 24
                                           ; SOURCE LINE # 25
                                           ; SOURCE LINE # 27
0000 22                RET     
             ; FUNCTION Hook_IRQ_INT2_KBCOBE (END)

             ; FUNCTION Hook_IRQ_INT3_PMCPMC1OBE (BEGIN)
                                           ; SOURCE LINE # 32
                                           ; SOURCE LINE # 33
                                           ; SOURCE LINE # 35
0000 22                RET     
             ; FUNCTION Hook_IRQ_INT3_PMCPMC1OBE (END)

             ; FUNCTION Hook_IRQ_INT4_SMBusD (BEGIN)
                                           ; SOURCE LINE # 40
                                           ; SOURCE LINE # 41
                                           ; SOURCE LINE # 43
0000 22                RET     
             ; FUNCTION Hook_IRQ_INT4_SMBusD (END)

             ; FUNCTION Hook_IRQ_INT5_WKINTAD (BEGIN)
                                           ; SOURCE LINE # 48
                                           ; SOURCE LINE # 49
                                           ; SOURCE LINE # 51
0000 22                RET     
             ; FUNCTION Hook_IRQ_INT5_WKINTAD (END)

             ; FUNCTION Hook_IRQ_INT6_WKO23 (BEGIN)
                                           ; SOURCE LINE # 56
                                           ; SOURCE LINE # 57
                                           ; SOURCE LINE # 59
0000 22                RET     
             ; FUNCTION Hook_IRQ_INT6_WKO23 (END)

             ; FUNCTION Hook_IRQ_INT7_PWM (BEGIN)
                                           ; SOURCE LINE # 64
                                           ; SOURCE LINE # 65
                                           ; SOURCE LINE # 67
0000 22                RET     
             ; FUNCTION Hook_IRQ_INT7_PWM (END)

             ; FUNCTION Hook_IRQ_INT8_ADC (BEGIN)
                                           ; SOURCE LINE # 72
                                           ; SOURCE LINE # 73
                                           ; SOURCE LINE # 75
0000 22                RET     
             ; FUNCTION Hook_IRQ_INT8_ADC (END)

             ; FUNCTION Hook_IRQ_INT9_SMBusA (BEGIN)
                                           ; SOURCE LINE # 80
                                           ; SOURCE LINE # 81
C51 COMPILER V7.50   OEM_IRQ                                                               09/08/2020 15:56:25 PAGE 14  

                                           ; SOURCE LINE # 82
0000 900000      E     MOV     DPTR,#IER1
0003 E0                MOVX    A,@DPTR
0004 54FD              ANL     A,#0FDH
0006 F0                MOVX    @DPTR,A
                                           ; SOURCE LINE # 83
0007 900000      E     MOV     DPTR,#ISR1
000A 7402              MOV     A,#02H
000C F0                MOVX    @DPTR,A
                                           ; SOURCE LINE # 84
000D 900000      E     MOV     DPTR,#F_Service_SMBus1
0010 14                DEC     A
0011 F0                MOVX    @DPTR,A
                                           ; SOURCE LINE # 85
0012 22                RET     
             ; FUNCTION Hook_IRQ_INT9_SMBusA (END)

             ; FUNCTION Hook_IRQ_INT10_SMBusB (BEGIN)
                                           ; SOURCE LINE # 90
                                           ; SOURCE LINE # 91
                                           ; SOURCE LINE # 92
0000 900000      E     MOV     DPTR,#IER1
0003 E0                MOVX    A,@DPTR
0004 54FB              ANL     A,#0FBH
0006 F0                MOVX    @DPTR,A
                                           ; SOURCE LINE # 93
0007 900000      E     MOV     DPTR,#ISR1
000A 7404              MOV     A,#04H
000C F0                MOVX    @DPTR,A
                                           ; SOURCE LINE # 94
000D 900000      E     MOV     DPTR,#F_Service_SMBus2
0010 7401              MOV     A,#01H
0012 F0                MOVX    @DPTR,A
                                           ; SOURCE LINE # 95
0013 22                RET     
             ; FUNCTION Hook_IRQ_INT10_SMBusB (END)

             ; FUNCTION Hook_IRQ_INT11_KBMatrixScan (BEGIN)
                                           ; SOURCE LINE # 100
                                           ; SOURCE LINE # 101
                                           ; SOURCE LINE # 103
0000 22                RET     
             ; FUNCTION Hook_IRQ_INT11_KBMatrixScan (END)

             ; FUNCTION Hook_IRQ_INT12_WKO26 (BEGIN)
                                           ; SOURCE LINE # 108
                                           ; SOURCE LINE # 109
                                           ; SOURCE LINE # 111
0000 22                RET     
             ; FUNCTION Hook_IRQ_INT12_WKO26 (END)

             ; FUNCTION Hook_IRQ_INT13_WKINTC (BEGIN)
                                           ; SOURCE LINE # 116
                                           ; SOURCE LINE # 117
                                           ; SOURCE LINE # 119
0000 22                RET     
             ; FUNCTION Hook_IRQ_INT13_WKINTC (END)

             ; FUNCTION Hook_IRQ_INT14_WKO25 (BEGIN)
                                           ; SOURCE LINE # 124
                                           ; SOURCE LINE # 125
                                           ; SOURCE LINE # 127
C51 COMPILER V7.50   OEM_IRQ                                                               09/08/2020 15:56:25 PAGE 15  

0000 22                RET     
             ; FUNCTION Hook_IRQ_INT14_WKO25 (END)

             ; FUNCTION Hook_IRQ_INT15_CIR (BEGIN)
                                           ; SOURCE LINE # 132
                                           ; SOURCE LINE # 133
                                           ; SOURCE LINE # 134
0000 900000      E     MOV     DPTR,#IER1
0003 E0                MOVX    A,@DPTR
0004 547F              ANL     A,#07FH
0006 F0                MOVX    @DPTR,A
                                           ; SOURCE LINE # 135
0007 900000      E     MOV     DPTR,#ISR1
000A 7480              MOV     A,#080H
000C F0                MOVX    @DPTR,A
                                           ; SOURCE LINE # 136
000D D200        E     SETB    F_Service_CIR
                                           ; SOURCE LINE # 137
000F 22                RET     
             ; FUNCTION Hook_IRQ_INT15_CIR (END)

             ; FUNCTION Hook_IRQ_INT16_SMBusC (BEGIN)
                                           ; SOURCE LINE # 142
                                           ; SOURCE LINE # 143
                                           ; SOURCE LINE # 144
0000 900000      E     MOV     DPTR,#IER2
0003 E0                MOVX    A,@DPTR
0004 54FE              ANL     A,#0FEH
0006 F0                MOVX    @DPTR,A
                                           ; SOURCE LINE # 145
0007 900000      E     MOV     DPTR,#ISR2
000A 7401              MOV     A,#01H
000C F0                MOVX    @DPTR,A
                                           ; SOURCE LINE # 146
000D 900000      E     MOV     DPTR,#F_Service_SMBus3
0010 F0                MOVX    @DPTR,A
                                           ; SOURCE LINE # 147
0011 22                RET     
             ; FUNCTION Hook_IRQ_INT16_SMBusC (END)

             ; FUNCTION Hook_IRQ_INT17_WKO24 (BEGIN)
                                           ; SOURCE LINE # 152
                                           ; SOURCE LINE # 153
                                           ; SOURCE LINE # 155
0000 22                RET     
             ; FUNCTION Hook_IRQ_INT17_WKO24 (END)

             ; FUNCTION Hook_IRQ_INT18_PS2Interrupt2 (BEGIN)
                                           ; SOURCE LINE # 160
                                           ; SOURCE LINE # 161
                                           ; SOURCE LINE # 163
0000 22                RET     
             ; FUNCTION Hook_IRQ_INT18_PS2Interrupt2 (END)

             ; FUNCTION Hook_IRQ_INT19_PS2Interrupt1 (BEGIN)
                                           ; SOURCE LINE # 168
                                           ; SOURCE LINE # 169
                                           ; SOURCE LINE # 171
0000 22                RET     
             ; FUNCTION Hook_IRQ_INT19_PS2Interrupt1 (END)

             ; FUNCTION Hook_IRQ_INT20_PS2Interrupt0 (BEGIN)
C51 COMPILER V7.50   OEM_IRQ                                                               09/08/2020 15:56:25 PAGE 16  

                                           ; SOURCE LINE # 176
                                           ; SOURCE LINE # 177
                                           ; SOURCE LINE # 179
0000 22                RET     
             ; FUNCTION Hook_IRQ_INT20_PS2Interrupt0 (END)

             ; FUNCTION Hook_IRQ_INT21_WKO22 (BEGIN)
                                           ; SOURCE LINE # 184
                                           ; SOURCE LINE # 185
                                           ; SOURCE LINE # 187
0000 22                RET     
             ; FUNCTION Hook_IRQ_INT21_WKO22 (END)

             ; FUNCTION Hook_IRQ_INT22_SMFISemaphore (BEGIN)
                                           ; SOURCE LINE # 192
                                           ; SOURCE LINE # 193
                                           ; SOURCE LINE # 195
0000 22                RET     
             ; FUNCTION Hook_IRQ_INT22_SMFISemaphore (END)

             ; FUNCTION Hook_IRQ_INT23_Null (BEGIN)
                                           ; SOURCE LINE # 200
                                           ; SOURCE LINE # 201
                                           ; SOURCE LINE # 203
0000 22                RET     
             ; FUNCTION Hook_IRQ_INT23_Null (END)

             ; FUNCTION Hook_IRQ_INT24_KBCIBF (BEGIN)
                                           ; SOURCE LINE # 208
                                           ; SOURCE LINE # 209
                                           ; SOURCE LINE # 211
0000 22                RET     
             ; FUNCTION Hook_IRQ_INT24_KBCIBF (END)

             ; FUNCTION Hook_IRQ_INT25_PMCPMC1IBF (BEGIN)
                                           ; SOURCE LINE # 216
                                           ; SOURCE LINE # 217
                                           ; SOURCE LINE # 219
0000 22                RET     
             ; FUNCTION Hook_IRQ_INT25_PMCPMC1IBF (END)

             ; FUNCTION Hook_IRQ_INT26_PMC2OBE (BEGIN)
                                           ; SOURCE LINE # 224
                                           ; SOURCE LINE # 225
                                           ; SOURCE LINE # 227
0000 22                RET     
             ; FUNCTION Hook_IRQ_INT26_PMC2OBE (END)

             ; FUNCTION Hook_IRQ_INT27_PMC2IBF (BEGIN)
                                           ; SOURCE LINE # 232
                                           ; SOURCE LINE # 233
                                           ; SOURCE LINE # 235
0000 22                RET     
             ; FUNCTION Hook_IRQ_INT27_PMC2IBF (END)

             ; FUNCTION Hook_IRQ_INT28_GINTofGPD5 (BEGIN)
                                           ; SOURCE LINE # 240
                                           ; SOURCE LINE # 241
                                           ; SOURCE LINE # 243
0000 22                RET     
             ; FUNCTION Hook_IRQ_INT28_GINTofGPD5 (END)

C51 COMPILER V7.50   OEM_IRQ                                                               09/08/2020 15:56:25 PAGE 17  

             ; FUNCTION Hook_IRQ_INT29_EGPC (BEGIN)
                                           ; SOURCE LINE # 248
                                           ; SOURCE LINE # 249
                                           ; SOURCE LINE # 251
0000 22                RET     
             ; FUNCTION Hook_IRQ_INT29_EGPC (END)

             ; FUNCTION Hook_IRQ_INT30_ET1 (BEGIN)
                                           ; SOURCE LINE # 256
                                           ; SOURCE LINE # 257
                                           ; SOURCE LINE # 259
0000 22                RET     
             ; FUNCTION Hook_IRQ_INT30_ET1 (END)

             ; FUNCTION Hook_IRQ_INT31_WKO21 (BEGIN)
                                           ; SOURCE LINE # 264
                                           ; SOURCE LINE # 265
                                           ; SOURCE LINE # 267
0000 22                RET     
             ; FUNCTION Hook_IRQ_INT31_WKO21 (END)

             ; FUNCTION Hook_IRQ_INT32_GPINT0 (BEGIN)
                                           ; SOURCE LINE # 272
                                           ; SOURCE LINE # 273
                                           ; SOURCE LINE # 275
0000 22                RET     
             ; FUNCTION Hook_IRQ_INT32_GPINT0 (END)

             ; FUNCTION Hook_IRQ_INT33_GPINT1 (BEGIN)
                                           ; SOURCE LINE # 280
                                           ; SOURCE LINE # 281
                                           ; SOURCE LINE # 283
0000 22                RET     
             ; FUNCTION Hook_IRQ_INT33_GPINT1 (END)

             ; FUNCTION Hook_IRQ_INT34_GPINT2 (BEGIN)
                                           ; SOURCE LINE # 288
                                           ; SOURCE LINE # 289
                                           ; SOURCE LINE # 291
0000 22                RET     
             ; FUNCTION Hook_IRQ_INT34_GPINT2 (END)

             ; FUNCTION Hook_IRQ_INT35_GPINT3 (BEGIN)
                                           ; SOURCE LINE # 296
                                           ; SOURCE LINE # 297
                                           ; SOURCE LINE # 299
0000 22                RET     
             ; FUNCTION Hook_IRQ_INT35_GPINT3 (END)

             ; FUNCTION Hook_IRQ_INT36_CIRGPINT (BEGIN)
                                           ; SOURCE LINE # 304
                                           ; SOURCE LINE # 305
                                           ; SOURCE LINE # 307
0000 22                RET     
             ; FUNCTION Hook_IRQ_INT36_CIRGPINT (END)

             ; FUNCTION Hook_IRQ_INT37_SSPI (BEGIN)
                                           ; SOURCE LINE # 312
                                           ; SOURCE LINE # 313
                                           ; SOURCE LINE # 315
0000 22                RET     
             ; FUNCTION Hook_IRQ_INT37_SSPI (END)
C51 COMPILER V7.50   OEM_IRQ                                                               09/08/2020 15:56:25 PAGE 18  


             ; FUNCTION Hook_IRQ_INT38_UART1 (BEGIN)
                                           ; SOURCE LINE # 320
                                           ; SOURCE LINE # 321
                                           ; SOURCE LINE # 323
0000 22                RET     
             ; FUNCTION Hook_IRQ_INT38_UART1 (END)

             ; FUNCTION Hook_IRQ_INT39_UART2 (BEGIN)
                                           ; SOURCE LINE # 328
                                           ; SOURCE LINE # 329
                                           ; SOURCE LINE # 331
0000 22                RET     
             ; FUNCTION Hook_IRQ_INT39_UART2 (END)

             ; FUNCTION Hook_IRQ_INT40_Null (BEGIN)
                                           ; SOURCE LINE # 336
                                           ; SOURCE LINE # 337
                                           ; SOURCE LINE # 339
0000 22                RET     
             ; FUNCTION Hook_IRQ_INT40_Null (END)

             ; FUNCTION Hook_IRQ_INT41_Null (BEGIN)
                                           ; SOURCE LINE # 344
                                           ; SOURCE LINE # 345
                                           ; SOURCE LINE # 347
0000 22                RET     
             ; FUNCTION Hook_IRQ_INT41_Null (END)

             ; FUNCTION Hook_IRQ_INT42_Null (BEGIN)
                                           ; SOURCE LINE # 352
                                           ; SOURCE LINE # 353
                                           ; SOURCE LINE # 355
0000 22                RET     
             ; FUNCTION Hook_IRQ_INT42_Null (END)

             ; FUNCTION Hook_IRQ_INT43_Null (BEGIN)
                                           ; SOURCE LINE # 360
                                           ; SOURCE LINE # 361
                                           ; SOURCE LINE # 363
0000 22                RET     
             ; FUNCTION Hook_IRQ_INT43_Null (END)

             ; FUNCTION Hook_IRQ_INT44_Null (BEGIN)
                                           ; SOURCE LINE # 368
                                           ; SOURCE LINE # 369
                                           ; SOURCE LINE # 371
0000 22                RET     
             ; FUNCTION Hook_IRQ_INT44_Null (END)

             ; FUNCTION Hook_IRQ_INT45_Null (BEGIN)
                                           ; SOURCE LINE # 376
                                           ; SOURCE LINE # 377
                                           ; SOURCE LINE # 379
0000 22                RET     
             ; FUNCTION Hook_IRQ_INT45_Null (END)

             ; FUNCTION Hook_IRQ_INT46_Null (BEGIN)
                                           ; SOURCE LINE # 384
                                           ; SOURCE LINE # 385
                                           ; SOURCE LINE # 387
0000 22                RET     
C51 COMPILER V7.50   OEM_IRQ                                                               09/08/2020 15:56:25 PAGE 19  

             ; FUNCTION Hook_IRQ_INT46_Null (END)

             ; FUNCTION Hook_IRQ_INT47_Null (BEGIN)
                                           ; SOURCE LINE # 392
                                           ; SOURCE LINE # 393
                                           ; SOURCE LINE # 395
0000 22                RET     
             ; FUNCTION Hook_IRQ_INT47_Null (END)

             ; FUNCTION Hook_IRQ_INT48_WKO60 (BEGIN)
                                           ; SOURCE LINE # 400
                                           ; SOURCE LINE # 401
                                           ; SOURCE LINE # 403
0000 22                RET     
             ; FUNCTION Hook_IRQ_INT48_WKO60 (END)

             ; FUNCTION Hook_IRQ_INT49_WKO61 (BEGIN)
                                           ; SOURCE LINE # 408
                                           ; SOURCE LINE # 409
                                           ; SOURCE LINE # 411
0000 22                RET     
             ; FUNCTION Hook_IRQ_INT49_WKO61 (END)

             ; FUNCTION Hook_IRQ_INT50_WKO62 (BEGIN)
                                           ; SOURCE LINE # 416
                                           ; SOURCE LINE # 417
                                           ; SOURCE LINE # 419
0000 22                RET     
             ; FUNCTION Hook_IRQ_INT50_WKO62 (END)

             ; FUNCTION Hook_IRQ_INT51_WKO63 (BEGIN)
                                           ; SOURCE LINE # 424
                                           ; SOURCE LINE # 425
                                           ; SOURCE LINE # 427
0000 22                RET     
             ; FUNCTION Hook_IRQ_INT51_WKO63 (END)

             ; FUNCTION Hook_IRQ_INT52_WKO64 (BEGIN)
                                           ; SOURCE LINE # 432
                                           ; SOURCE LINE # 433
                                           ; SOURCE LINE # 435
0000 22                RET     
             ; FUNCTION Hook_IRQ_INT52_WKO64 (END)

             ; FUNCTION Hook_IRQ_INT53_WKO65 (BEGIN)
                                           ; SOURCE LINE # 440
                                           ; SOURCE LINE # 441
                                           ; SOURCE LINE # 443
0000 22                RET     
             ; FUNCTION Hook_IRQ_INT53_WKO65 (END)

             ; FUNCTION Hook_IRQ_INT54_WKO66 (BEGIN)
                                           ; SOURCE LINE # 448
                                           ; SOURCE LINE # 449
                                           ; SOURCE LINE # 451
0000 22                RET     
             ; FUNCTION Hook_IRQ_INT54_WKO66 (END)

             ; FUNCTION Hook_IRQ_INT55_WKO67 (BEGIN)
                                           ; SOURCE LINE # 456
                                           ; SOURCE LINE # 457
                                           ; SOURCE LINE # 459
C51 COMPILER V7.50   OEM_IRQ                                                               09/08/2020 15:56:25 PAGE 20  

0000 22                RET     
             ; FUNCTION Hook_IRQ_INT55_WKO67 (END)

             ; FUNCTION Hook_IRQ_INT56_Null (BEGIN)
                                           ; SOURCE LINE # 464
                                           ; SOURCE LINE # 465
                                           ; SOURCE LINE # 467
0000 22                RET     
             ; FUNCTION Hook_IRQ_INT56_Null (END)

             ; FUNCTION Hook_IRQ_INT57_Null (BEGIN)
                                           ; SOURCE LINE # 472
                                           ; SOURCE LINE # 473
                                           ; SOURCE LINE # 475
0000 22                RET     
             ; FUNCTION Hook_IRQ_INT57_Null (END)

             ; FUNCTION Hook_IRQ_INT58_ET2 (BEGIN)
                                           ; SOURCE LINE # 480
                                           ; SOURCE LINE # 481
                                           ; SOURCE LINE # 483
0000 22                RET     
             ; FUNCTION Hook_IRQ_INT58_ET2 (END)

             ; FUNCTION Hook_IRQ_INT59_DeferredSPIInstruction (BEGIN)
                                           ; SOURCE LINE # 490
                                           ; SOURCE LINE # 491
                                           ; SOURCE LINE # 500
0000 22                RET     
             ; FUNCTION Hook_IRQ_INT59_DeferredSPIInstruction (END)

             ; FUNCTION Hook_IRQ_INT60_TMRINTA0 (BEGIN)
                                           ; SOURCE LINE # 505
                                           ; SOURCE LINE # 506
                                           ; SOURCE LINE # 508
0000 22                RET     
             ; FUNCTION Hook_IRQ_INT60_TMRINTA0 (END)

             ; FUNCTION Hook_IRQ_INT61_TMRINTA1 (BEGIN)
                                           ; SOURCE LINE # 513
                                           ; SOURCE LINE # 514
                                           ; SOURCE LINE # 516
0000 22                RET     
             ; FUNCTION Hook_IRQ_INT61_TMRINTA1 (END)

             ; FUNCTION Hook_IRQ_INT62_TMRINTB0 (BEGIN)
                                           ; SOURCE LINE # 521
                                           ; SOURCE LINE # 522
                                           ; SOURCE LINE # 524
0000 22                RET     
             ; FUNCTION Hook_IRQ_INT62_TMRINTB0 (END)

             ; FUNCTION Hook_IRQ_INT63_TMRINTB1 (BEGIN)
                                           ; SOURCE LINE # 529
                                           ; SOURCE LINE # 530
                                           ; SOURCE LINE # 532
0000 22                RET     
             ; FUNCTION Hook_IRQ_INT63_TMRINTB1 (END)

             ; FUNCTION Hook_IRQ_INT64_PMC2EXOBE (BEGIN)
                                           ; SOURCE LINE # 537
                                           ; SOURCE LINE # 538
C51 COMPILER V7.50   OEM_IRQ                                                               09/08/2020 15:56:25 PAGE 21  

                                           ; SOURCE LINE # 540
0000 22                RET     
             ; FUNCTION Hook_IRQ_INT64_PMC2EXOBE (END)

             ; FUNCTION Hook_IRQ_INT65_PMC2EXIBF (BEGIN)
                                           ; SOURCE LINE # 545
                                           ; SOURCE LINE # 546
                                           ; SOURCE LINE # 548
0000 22                RET     
             ; FUNCTION Hook_IRQ_INT65_PMC2EXIBF (END)

             ; FUNCTION Hook_IRQ_INT66_PMC3OBE (BEGIN)
                                           ; SOURCE LINE # 553
                                           ; SOURCE LINE # 554
                                           ; SOURCE LINE # 556
0000 22                RET     
             ; FUNCTION Hook_IRQ_INT66_PMC3OBE (END)

             ; FUNCTION Hook_IRQ_INT67_PMC3IBF (BEGIN)
                                           ; SOURCE LINE # 561
                                           ; SOURCE LINE # 562
                                           ; SOURCE LINE # 563
0000 900000      E     MOV     DPTR,#IER8
0003 E0                MOVX    A,@DPTR
0004 54F7              ANL     A,#0F7H
0006 F0                MOVX    @DPTR,A
                                           ; SOURCE LINE # 564
0007 900000      E     MOV     DPTR,#ISR8
000A 7408              MOV     A,#08H
000C F0                MOVX    @DPTR,A
                                           ; SOURCE LINE # 565
000D D200        E     SETB    F_Service_PCI4
                                           ; SOURCE LINE # 566
000F 22                RET     
             ; FUNCTION Hook_IRQ_INT67_PMC3IBF (END)

             ; FUNCTION Hook_IRQ_INT68_PMC4OBE (BEGIN)
                                           ; SOURCE LINE # 571
                                           ; SOURCE LINE # 572
                                           ; SOURCE LINE # 574
0000 22                RET     
             ; FUNCTION Hook_IRQ_INT68_PMC4OBE (END)

             ; FUNCTION Hook_IRQ_INT69_PMC4IBF (BEGIN)
                                           ; SOURCE LINE # 579
                                           ; SOURCE LINE # 580
                                           ; SOURCE LINE # 582
0000 22                RET     
             ; FUNCTION Hook_IRQ_INT69_PMC4IBF (END)

             ; FUNCTION Hook_IRQ_INT70_Null (BEGIN)
                                           ; SOURCE LINE # 587
                                           ; SOURCE LINE # 588
                                           ; SOURCE LINE # 590
0000 22                RET     
             ; FUNCTION Hook_IRQ_INT70_Null (END)

             ; FUNCTION Hook_IRQ_INT71_I2BRAM (BEGIN)
                                           ; SOURCE LINE # 595
                                           ; SOURCE LINE # 596
                                           ; SOURCE LINE # 598
0000 22                RET     
C51 COMPILER V7.50   OEM_IRQ                                                               09/08/2020 15:56:25 PAGE 22  

             ; FUNCTION Hook_IRQ_INT71_I2BRAM (END)

             ; FUNCTION Hook_IRQ_INT72_WKO70 (BEGIN)
                                           ; SOURCE LINE # 603
                                           ; SOURCE LINE # 604
                                           ; SOURCE LINE # 606
0000 22                RET     
             ; FUNCTION Hook_IRQ_INT72_WKO70 (END)

             ; FUNCTION Hook_IRQ_INT73_WKO71 (BEGIN)
                                           ; SOURCE LINE # 611
                                           ; SOURCE LINE # 612
                                           ; SOURCE LINE # 614
0000 22                RET     
             ; FUNCTION Hook_IRQ_INT73_WKO71 (END)

             ; FUNCTION Hook_IRQ_INT74_WKO72 (BEGIN)
                                           ; SOURCE LINE # 619
                                           ; SOURCE LINE # 620
                                           ; SOURCE LINE # 622
0000 22                RET     
             ; FUNCTION Hook_IRQ_INT74_WKO72 (END)

             ; FUNCTION Hook_IRQ_INT75_WKO73 (BEGIN)
                                           ; SOURCE LINE # 627
                                           ; SOURCE LINE # 628
                                           ; SOURCE LINE # 630
0000 22                RET     
             ; FUNCTION Hook_IRQ_INT75_WKO73 (END)

             ; FUNCTION Hook_IRQ_INT76_WKO74 (BEGIN)
                                           ; SOURCE LINE # 635
                                           ; SOURCE LINE # 636
                                           ; SOURCE LINE # 638
0000 22                RET     
             ; FUNCTION Hook_IRQ_INT76_WKO74 (END)

             ; FUNCTION Hook_IRQ_INT77_WKO75 (BEGIN)
                                           ; SOURCE LINE # 643
                                           ; SOURCE LINE # 644
                                           ; SOURCE LINE # 646
0000 22                RET     
             ; FUNCTION Hook_IRQ_INT77_WKO75 (END)

             ; FUNCTION Hook_IRQ_INT78_WKO76 (BEGIN)
                                           ; SOURCE LINE # 651
                                           ; SOURCE LINE # 652
                                           ; SOURCE LINE # 654
0000 22                RET     
             ; FUNCTION Hook_IRQ_INT78_WKO76 (END)

             ; FUNCTION Hook_IRQ_INT79_WKO77 (BEGIN)
                                           ; SOURCE LINE # 659
                                           ; SOURCE LINE # 660
                                           ; SOURCE LINE # 662
0000 22                RET     
             ; FUNCTION Hook_IRQ_INT79_WKO77 (END)

             ; FUNCTION Hook_EnableInterrupt (BEGIN)
                                           ; SOURCE LINE # 667
                                           ; SOURCE LINE # 668
                                           ; SOURCE LINE # 679
C51 COMPILER V7.50   OEM_IRQ                                                               09/08/2020 15:56:25 PAGE 23  

0000 22                RET     
             ; FUNCTION Hook_EnableInterrupt (END)

             ; FUNCTION EnablePMC3IBFInt (BEGIN)
                                           ; SOURCE LINE # 684
                                           ; SOURCE LINE # 685
                                           ; SOURCE LINE # 686
0000 900000      E     MOV     DPTR,#IER8
0003 E0                MOVX    A,@DPTR
0004 4408              ORL     A,#08H
0006 F0                MOVX    @DPTR,A
                                           ; SOURCE LINE # 687
0007 22                RET     
             ; FUNCTION EnablePMC3IBFInt (END)

             ; FUNCTION Hook_OEM_Isr_Int1 (BEGIN)
                                           ; SOURCE LINE # 693
                                           ; SOURCE LINE # 694
                                           ; SOURCE LINE # 696
0000 22                RET     
             ; FUNCTION Hook_OEM_Isr_Int1 (END)



MODULE INFORMATION:   STATIC OVERLAYABLE
   CODE SIZE        =    173    ----
   CONSTANT SIZE    =   ----    ----
   XDATA SIZE       =   ----    ----
   PDATA SIZE       =   ----    ----
   DATA SIZE        =   ----    ----
   IDATA SIZE       =   ----    ----
   BIT SIZE         =   ----    ----
END OF MODULE INFORMATION.


C51 COMPILATION COMPLETE.  0 WARNING(S),  0 ERROR(S)
