C51 COMPILER V7.50   OEM_FW_VERSION                                                        09/20/2020 10:56:20 PAGE 1   


C51 COMPILER V7.50, COMPILATION OF MODULE OEM_FW_VERSION
OBJECT MODULE PLACED IN Oem\Oem_FW_VERSION.OBJ
COMPILER INVOKED BY: C:\Keil\C51\BIN\c51.exe Oem\Oem_FW_VERSION.c LA WL(1) CD OT(9,SIZE) NOAREGS OR INCDIR(.\Core\Includ
                    -e\;.\Oem\Include\)

line level    source

   1          /*-----------------------------------------------------------------------------
   2           * TITLE: CORE_ITESTRING.C
   3           *
   4           * Copyright (c) ITE INC. All Rights Reserved.
   5           *
   6           *---------------------------------------------------------------------------*/
   7           
   8          #include "Core_Inc.h"
   9          #include "Oem_Inc.h"
  10          
  11          const unsigned char code OEM_FW_Version[] =         //Version in ROM
  12          {
  13                  OEM_Version_MSB, OEM_Version_LSB,       0x00,0x00,      //For OEM version
  14                  0xFF,0xFF,0xFF,0xFF                                                     //For Checksum *******Do not modify*********** // 
  15          };
C51 COMPILER V7.50   OEM_FW_VERSION                                                        09/20/2020 10:56:20 PAGE 2   

ASSEMBLY LISTING OF GENERATED OBJECT CODE




MODULE INFORMATION:   STATIC OVERLAYABLE
   CODE SIZE        =   ----    ----
   CONSTANT SIZE    =      8    ----
   XDATA SIZE       =   ----    ----
   PDATA SIZE       =   ----    ----
   DATA SIZE        =   ----    ----
   IDATA SIZE       =   ----    ----
   BIT SIZE         =   ----    ----
END OF MODULE INFORMATION.


C51 COMPILATION COMPLETE.  0 WARNING(S),  0 ERROR(S)
